<?xml version="1.0" encoding="UTF-8"?>
<Site BuildName="Windows-AMD64-Experimental"
	BuildStamp="20220415-1924-Experimental"
	Name="DESKTOP-S6OQDQ3"
	Generator="ctest-3.22.0-rc3"
	CompilerName=""
	CompilerVersion=""
	OSName="Windows"
	Hostname="DESKTOP-S6OQDQ3"
	OSRelease=" Professional"
	OSVersion=" (Build 19044)"
	OSPlatform="AMD64"
	Is64Bits="1"
	VendorString="GenuineIntel"
	VendorID="Intel Corporation"
	FamilyID="6"
	ModelID="12"
	ProcessorCacheSize="-1"
	NumberOfLogicalCPU="4"
	NumberOfPhysicalCPU="4"
	TotalVirtualMemory="15224"
	TotalPhysicalMemory="8056"
	LogicalProcessorsPerPhysical="1"
	ProcessorClockFrequency="3192"
	>
	<Configure>
		<StartDateTime>Apr 15 22:24 RTZ 2 (ceia)</StartDateTime>
		<StartConfigureTime>1650050644</StartConfigureTime>
		<ConfigureCommand>"C:/Program Files/CMake/bin/cmake.exe" "-GVisual Studio 16 2019" "C:/Users/Андрей/source/repos/devtools-course-practice"</ConfigureCommand>
		<Log>CMake Deprecation Warning at CMakeLists.txt:1 (cmake_minimum_required):
  Compatibility with CMake &lt; 2.8.12 will be removed from a future version of
  CMake.

  Update the VERSION argument &lt;min&gt; value or use a ...&lt;max&gt; suffix to tell
  CMake that the project does not need compatibility with older versions.


-- Selecting Windows SDK version 10.0.19041.0 to target Windows 10.0.19044.
-- The C compiler identification is MSVC 19.29.30138.0
-- The CXX compiler identification is MSVC 19.29.30138.0
-- Detecting C compiler ABI info
-- Detecting C compiler ABI info - done
-- Check for working C compiler: C:/Program Files (x86)/Microsoft Visual Studio/2019/BuildTools/VC/Tools/MSVC/14.29.30133/bin/Hostx64/x64/cl.exe - skipped
-- Detecting C compile features
-- Detecting C compile features - done
-- Detecting CXX compiler ABI info
-- Detecting CXX compiler ABI info - done
-- Check for working CXX compiler: C:/Program Files (x86)/Microsoft Visual Studio/2019/BuildTools/VC/Tools/MSVC/14.29.30133/bin/Hostx64/x64/cl.exe - skipped
-- Detecting CXX compile features
-- Detecting CXX compile features - done
CMake Warning (dev) at CMakeLists.txt:43 (if):
  Policy CMP0054 is not set: Only interpret if() arguments as variables or
  keywords when unquoted.  Run "cmake --help-policy CMP0054" for policy
  details.  Use the cmake_policy command to set the policy and suppress this
  warning.

  Quoted variables like "MSVC" will no longer be dereferenced when the policy
  is set to NEW.  Since the policy is not set the OLD behavior will be used.
This warning is for project developers.  Use -Wno-dev to suppress it.

-- Found PythonInterp: C:/Users/╨Р╨╜╨┤╤А╨╡╨╣/AppData/Local/Programs/Python/Python310/python.exe (found version "3.10.1") 
-- 
-- General configuration for DevTools
-- ==================================
-- 
--    Compiler:      MSVC
--    Configuration: 
--    Coverage:      OFF
--    Detected modules:
--     - calculate-price
--     - chornyi-yura-vigenere
--     - complex-number
--     - novozhilov-alexandr-prime-numbers
--     - ustiuzhanin_n_hashmap
--     - zarubin_mikhail_binary_tree
-- 
-- Configuring done
-- Generating done
-- Build files have been written to: C:/Users/╨Р╨╜╨┤╤А╨╡╨╣/source/repos/devtools-course-practice/dashboard/build
</Log>
		<ConfigureStatus>0</ConfigureStatus>
		<EndDateTime>Apr 15 22:24 RTZ 2 (ceia)</EndDateTime>
		<EndConfigureTime>1650050652</EndConfigureTime>
		<ElapsedMinutes>0</ElapsedMinutes>
	</Configure>
</Site>
