Start testing: Apr 15 22:25 RTZ 2 (ceia)
----------------------------------------------------------
1/27 Testing: calculate-price_gtest
1/27 Test: calculate-price_gtest
Command: "C:/Users/Андрей/source/repos/devtools-course-practice/dashboard/build/bin/test_calculate-price.exe"
Directory: C:/Users/Андрей/source/repos/devtools-course-practice/dashboard/build/modules/calculate-price/test
"calculate-price_gtest" start time: Apr 15 22:25 RTZ 2 (ceia)
Output:
----------------------------------------------------------
[==========] Running 12 tests from 2 test cases.
[----------] Global test environment set-up.
[----------] 2 tests from CalculatePrice
[ RUN      ] CalculatePrice.Do_Throw_When_Create_Basket_With_Negative_Value
[       OK ] CalculatePrice.Do_Throw_When_Create_Basket_With_Negative_Value (1 ms)
[ RUN      ] CalculatePrice.Can_Create_Basket_With_Zero_Value
[       OK ] CalculatePrice.Can_Create_Basket_With_Zero_Value (0 ms)
[----------] 2 tests from CalculatePrice (1 ms total)

[----------] 10 tests from Param
[ RUN      ] Param.parametr/0, where GetParam() = (7, 0, 0, 0, 0, 56)
[       OK ] Param.parametr/0 (0 ms)
[ RUN      ] Param.parametr/1, where GetParam() = (0, 0, 4, 0, 0, 32)
[       OK ] Param.parametr/1 (0 ms)
[ RUN      ] Param.parametr/2, where GetParam() = (7, 1, 0, 0, 0, 63.2)
[       OK ] Param.parametr/2 (0 ms)
[ RUN      ] Param.parametr/3, where GetParam() = (5, 4, 3, 2, 1, 100.4)
[       OK ] Param.parametr/3 (0 ms)
[ RUN      ] Param.parametr/4, where GetParam() = (0, 0, 2, 1, 0, 23.2)
[       OK ] Param.parametr/4 (0 ms)
[ RUN      ] Param.parametr/5, where GetParam() = (1, 0, 0, 0, 0, 8)
[       OK ] Param.parametr/5 (0 ms)
[ RUN      ] Param.parametr/6, where GetParam() = (1, 1, 0, 0, 0, 15.2)
[       OK ] Param.parametr/6 (0 ms)
[ RUN      ] Param.parametr/7, where GetParam() = (1, 1, 1, 0, 0, 21.6)
[       OK ] Param.parametr/7 (0 ms)
[ RUN      ] Param.parametr/8, where GetParam() = (1, 1, 1, 1, 0, 25.6)
[       OK ] Param.parametr/8 (0 ms)
[ RUN      ] Param.parametr/9, where GetParam() = (1, 1, 1, 1, 1, 30)
[       OK ] Param.parametr/9 (0 ms)
[----------] 10 tests from Param (0 ms total)

[----------] Global test environment tear-down
[==========] 12 tests from 2 test cases ran. (5 ms total)
[  PASSED  ] 12 tests.
<end of output>
Test time =   0.24 sec
----------------------------------------------------------
Test Passed.
"calculate-price_gtest" end time: Apr 15 22:25 RTZ 2 (ceia)
"calculate-price_gtest" time elapsed: 00:00:00
----------------------------------------------------------

2/27 Testing: chornyi-yura-vigenere_gtest
2/27 Test: chornyi-yura-vigenere_gtest
Command: "C:/Users/Андрей/source/repos/devtools-course-practice/dashboard/build/bin/test_chornyi-yura-vigenere.exe"
Directory: C:/Users/Андрей/source/repos/devtools-course-practice/dashboard/build/modules/chornyi-yura-vigenere/test
"chornyi-yura-vigenere_gtest" start time: Apr 15 22:25 RTZ 2 (ceia)
Output:
----------------------------------------------------------
[==========] Running 17 tests from 2 test cases.
[----------] Global test environment set-up.
[----------] 4 tests from VigenereCipherConstructor
[ RUN      ] VigenereCipherConstructor.ConstructorWithoutParameters
[       OK ] VigenereCipherConstructor.ConstructorWithoutParameters (0 ms)
[ RUN      ] VigenereCipherConstructor.ConstructorWithTwoParameters
[       OK ] VigenereCipherConstructor.ConstructorWithTwoParameters (0 ms)
[ RUN      ] VigenereCipherConstructor.ConstructorWithTwoParametersNotEqualSize
[       OK ] VigenereCipherConstructor.ConstructorWithTwoParametersNotEqualSize (1 ms)
[ RUN      ] VigenereCipherConstructor.ConstructorWithTwoParametersWithNotAllowChar
[       OK ] VigenereCipherConstructor.ConstructorWithTwoParametersWithNotAllowChar (0 ms)
[----------] 4 tests from VigenereCipherConstructor (1 ms total)

[----------] 13 tests from VigenereCipherMethods
[ RUN      ] VigenereCipherMethods.CheckDefaultValue
[       OK ] VigenereCipherMethods.CheckDefaultValue (0 ms)
[ RUN      ] VigenereCipherMethods.CheckCustomValue
[       OK ] VigenereCipherMethods.CheckCustomValue (0 ms)
[ RUN      ] VigenereCipherMethods.CheckCipheringWithoutParameters
[       OK ] VigenereCipherMethods.CheckCipheringWithoutParameters (0 ms)
[ RUN      ] VigenereCipherMethods.CheckCipheringWithParameters
[       OK ] VigenereCipherMethods.CheckCipheringWithParameters (0 ms)
[ RUN      ] VigenereCipherMethods.CheckSetOriginalEqualKey
[       OK ] VigenereCipherMethods.CheckSetOriginalEqualKey (0 ms)
[ RUN      ] VigenereCipherMethods.CheckSetOriginalNotEqualKey
[       OK ] VigenereCipherMethods.CheckSetOriginalNotEqualKey (0 ms)
[ RUN      ] VigenereCipherMethods.CheckSetOriginalWithNotAllowedCharacter
[       OK ] VigenereCipherMethods.CheckSetOriginalWithNotAllowedCharacter (0 ms)
[ RUN      ] VigenereCipherMethods.CheckSetKeyEqualOriginal
[       OK ] VigenereCipherMethods.CheckSetKeyEqualOriginal (0 ms)
[ RUN      ] VigenereCipherMethods.CheckSetKeyNotEqualOriginal
[       OK ] VigenereCipherMethods.CheckSetKeyNotEqualOriginal (0 ms)
[ RUN      ] VigenereCipherMethods.CheckSetKeyWithNotAllowedCharacter
[       OK ] VigenereCipherMethods.CheckSetKeyWithNotAllowedCharacter (0 ms)
[ RUN      ] VigenereCipherMethods.CheckSetPairWithEqualSize
[       OK ] VigenereCipherMethods.CheckSetPairWithEqualSize (0 ms)
[ RUN      ] VigenereCipherMethods.CheckSetPairWithoutEqualSize
[       OK ] VigenereCipherMethods.CheckSetPairWithoutEqualSize (0 ms)
[ RUN      ] VigenereCipherMethods.CheckSetPairWithNotAllowedCharacter
[       OK ] VigenereCipherMethods.CheckSetPairWithNotAllowedCharacter (0 ms)
[----------] 13 tests from VigenereCipherMethods (0 ms total)

[----------] Global test environment tear-down
[==========] 17 tests from 2 test cases ran. (1 ms total)
[  PASSED  ] 17 tests.
<end of output>
Test time =   0.04 sec
----------------------------------------------------------
Test Passed.
"chornyi-yura-vigenere_gtest" end time: Apr 15 22:25 RTZ 2 (ceia)
"chornyi-yura-vigenere_gtest" time elapsed: 00:00:00
----------------------------------------------------------

3/27 Testing: complex-number_can_Run
3/27 Test: complex-number_can_Run
Command: "C:/Users/Андрей/source/repos/devtools-course-practice/dashboard/build/bin/complex-number.exe"
Directory: C:/Users/Андрей/source/repos/devtools-course-practice/dashboard/build/modules/complex-number
"complex-number_can_Run" start time: Apr 15 22:25 RTZ 2 (ceia)
Output:
----------------------------------------------------------
This is a complex number calculator application.

Please provide arguments in the following format:

  $ C:/Users/������/source/repos/devtools-course-practice/dashboard/build/bin/complex-number.exe <z1_real> <z1_imaginary> <z2_real> <z2_imaginary> <operation>

Where all arguments are double-precision numbers, and <operation> is one of '+', '-', '*', '/'.

<end of output>
Test time =   0.03 sec
----------------------------------------------------------
Test Passed.
"complex-number_can_Run" end time: Apr 15 22:25 RTZ 2 (ceia)
"complex-number_can_Run" time elapsed: 00:00:00
----------------------------------------------------------

4/27 Testing: complex-number_can_Print_Help_Without_Arguments
4/27 Test: complex-number_can_Print_Help_Without_Arguments
Command: "C:/Users/Андрей/source/repos/devtools-course-practice/dashboard/build/bin/complex-number.exe"
Directory: C:/Users/Андрей/source/repos/devtools-course-practice/dashboard/build/modules/complex-number
"complex-number_can_Print_Help_Without_Arguments" start time: Apr 15 22:25 RTZ 2 (ceia)
Output:
----------------------------------------------------------
This is a complex number calculator application.

Please provide arguments in the following format:

  $ C:/Users/������/source/repos/devtools-course-practice/dashboard/build/bin/complex-number.exe <z1_real> <z1_imaginary> <z2_real> <z2_imaginary> <operation>

Where all arguments are double-precision numbers, and <operation> is one of '+', '-', '*', '/'.

<end of output>
Test time =   0.01 sec
----------------------------------------------------------
Test Pass Reason:
Required regular expression found. Regex=[This is a complex number calculator]
"complex-number_can_Print_Help_Without_Arguments" end time: Apr 15 22:25 RTZ 2 (ceia)
"complex-number_can_Print_Help_Without_Arguments" time elapsed: 00:00:00
----------------------------------------------------------

5/27 Testing: complex-number_can_Check_Number_Of_Arguments
5/27 Test: complex-number_can_Check_Number_Of_Arguments
Command: "C:/Users/Андрей/source/repos/devtools-course-practice/dashboard/build/bin/complex-number.exe" "1" "2"
Directory: C:/Users/Андрей/source/repos/devtools-course-practice/dashboard/build/modules/complex-number
"complex-number_can_Check_Number_Of_Arguments" start time: Apr 15 22:25 RTZ 2 (ceia)
Output:
----------------------------------------------------------
ERROR: Should be 5 arguments.

This is a complex number calculator application.

Please provide arguments in the following format:

  $ C:/Users/������/source/repos/devtools-course-practice/dashboard/build/bin/complex-number.exe <z1_real> <z1_imaginary> <z2_real> <z2_imaginary> <operation>

Where all arguments are double-precision numbers, and <operation> is one of '+', '-', '*', '/'.

<end of output>
Test time =   0.01 sec
----------------------------------------------------------
Test Pass Reason:
Required regular expression found. Regex=[ERROR: Should be 5 arguments.]
"complex-number_can_Check_Number_Of_Arguments" end time: Apr 15 22:25 RTZ 2 (ceia)
"complex-number_can_Check_Number_Of_Arguments" time elapsed: 00:00:00
----------------------------------------------------------

6/27 Testing: complex-number_can_Detect_Wrong_Number_Format
6/27 Test: complex-number_can_Detect_Wrong_Number_Format
Command: "C:/Users/Андрей/source/repos/devtools-course-practice/dashboard/build/bin/complex-number.exe" "1" "ip" "2" "3" "+"
Directory: C:/Users/Андрей/source/repos/devtools-course-practice/dashboard/build/modules/complex-number
"complex-number_can_Detect_Wrong_Number_Format" start time: Apr 15 22:25 RTZ 2 (ceia)
Output:
----------------------------------------------------------
Wrong number format!
<end of output>
Test time =   0.01 sec
----------------------------------------------------------
Test Pass Reason:
Required regular expression found. Regex=[Wrong number format!]
"complex-number_can_Detect_Wrong_Number_Format" end time: Apr 15 22:25 RTZ 2 (ceia)
"complex-number_can_Detect_Wrong_Number_Format" time elapsed: 00:00:00
----------------------------------------------------------

7/27 Testing: complex-number_can_Detect_Wrong_Operation_Format
7/27 Test: complex-number_can_Detect_Wrong_Operation_Format
Command: "C:/Users/Андрей/source/repos/devtools-course-practice/dashboard/build/bin/complex-number.exe" "1" "1" "2" "3" "+trash"
Directory: C:/Users/Андрей/source/repos/devtools-course-practice/dashboard/build/modules/complex-number
"complex-number_can_Detect_Wrong_Operation_Format" start time: Apr 15 22:25 RTZ 2 (ceia)
Output:
----------------------------------------------------------
Wrong operation format!
<end of output>
Test time =   0.01 sec
----------------------------------------------------------
Test Pass Reason:
Required regular expression found. Regex=[Wrong operation format!]
"complex-number_can_Detect_Wrong_Operation_Format" end time: Apr 15 22:25 RTZ 2 (ceia)
"complex-number_can_Detect_Wrong_Operation_Format" time elapsed: 00:00:00
----------------------------------------------------------

8/27 Testing: complex-number_can_Add_Complexs
8/27 Test: complex-number_can_Add_Complexs
Command: "C:/Users/Андрей/source/repos/devtools-course-practice/dashboard/build/bin/complex-number.exe" "2.5" "4.5" "1.0" "4.5" "+"
Directory: C:/Users/Андрей/source/repos/devtools-course-practice/dashboard/build/modules/complex-number
"complex-number_can_Add_Complexs" start time: Apr 15 22:25 RTZ 2 (ceia)
Output:
----------------------------------------------------------
Real = 3.5 Imaginary = 9
<end of output>
Test time =   0.01 sec
----------------------------------------------------------
Test Pass Reason:
Required regular expression found. Regex=[Real = 3.5 Imaginary = 9]
"complex-number_can_Add_Complexs" end time: Apr 15 22:25 RTZ 2 (ceia)
"complex-number_can_Add_Complexs" time elapsed: 00:00:00
----------------------------------------------------------

9/27 Testing: complex-number_can_Diff_Complexs
9/27 Test: complex-number_can_Diff_Complexs
Command: "C:/Users/Андрей/source/repos/devtools-course-practice/dashboard/build/bin/complex-number.exe" "-17" "0" "15" "-3.5" "-"
Directory: C:/Users/Андрей/source/repos/devtools-course-practice/dashboard/build/modules/complex-number
"complex-number_can_Diff_Complexs" start time: Apr 15 22:25 RTZ 2 (ceia)
Output:
----------------------------------------------------------
Real = -32 Imaginary = 3.5
<end of output>
Test time =   0.01 sec
----------------------------------------------------------
Test Pass Reason:
Required regular expression found. Regex=[Real = -32 Imaginary = 3.5]
"complex-number_can_Diff_Complexs" end time: Apr 15 22:25 RTZ 2 (ceia)
"complex-number_can_Diff_Complexs" time elapsed: 00:00:00
----------------------------------------------------------

10/27 Testing: complex-number_can_Mult_Complexs
10/27 Test: complex-number_can_Mult_Complexs
Command: "C:/Users/Андрей/source/repos/devtools-course-practice/dashboard/build/bin/complex-number.exe" "13" "-2" "4.6" "7.3" "*"
Directory: C:/Users/Андрей/source/repos/devtools-course-practice/dashboard/build/modules/complex-number
"complex-number_can_Mult_Complexs" start time: Apr 15 22:25 RTZ 2 (ceia)
Output:
----------------------------------------------------------
Real = 74.4 Imaginary = 85.7
<end of output>
Test time =   0.02 sec
----------------------------------------------------------
Test Pass Reason:
Required regular expression found. Regex=[Real = 74.4 Imaginary = 85.7]
"complex-number_can_Mult_Complexs" end time: Apr 15 22:25 RTZ 2 (ceia)
"complex-number_can_Mult_Complexs" time elapsed: 00:00:00
----------------------------------------------------------

11/27 Testing: complex-number_can_Divide_Complexs
11/27 Test: complex-number_can_Divide_Complexs
Command: "C:/Users/Андрей/source/repos/devtools-course-practice/dashboard/build/bin/complex-number.exe" "27" "30" "15" "20" "/"
Directory: C:/Users/Андрей/source/repos/devtools-course-practice/dashboard/build/modules/complex-number
"complex-number_can_Divide_Complexs" start time: Apr 15 22:25 RTZ 2 (ceia)
Output:
----------------------------------------------------------
Real = 1.608 Imaginary = -0.144
<end of output>
Test time =   0.01 sec
----------------------------------------------------------
Test Pass Reason:
Required regular expression found. Regex=[Real = 1.608 Imaginary = -0.144]
"complex-number_can_Divide_Complexs" end time: Apr 15 22:25 RTZ 2 (ceia)
"complex-number_can_Divide_Complexs" time elapsed: 00:00:00
----------------------------------------------------------

12/27 Testing: complex-number_can_Detect_Divide_By_Zero
12/27 Test: complex-number_can_Detect_Divide_By_Zero
Command: "C:/Users/Андрей/source/repos/devtools-course-practice/dashboard/build/bin/complex-number.exe" "27" "30" "0" "0" "/"
Directory: C:/Users/Андрей/source/repos/devtools-course-practice/dashboard/build/modules/complex-number
"complex-number_can_Detect_Divide_By_Zero" start time: Apr 15 22:25 RTZ 2 (ceia)
Output:
----------------------------------------------------------
Can't divide by zero
<end of output>
Test time =   0.01 sec
----------------------------------------------------------
Test Pass Reason:
Required regular expression found. Regex=[Can't divide by zero]
"complex-number_can_Detect_Divide_By_Zero" end time: Apr 15 22:25 RTZ 2 (ceia)
"complex-number_can_Detect_Divide_By_Zero" time elapsed: 00:00:00
----------------------------------------------------------

13/27 Testing: complex-number_gtest
13/27 Test: complex-number_gtest
Command: "C:/Users/Андрей/source/repos/devtools-course-practice/dashboard/build/bin/test_complex-number.exe"
Directory: C:/Users/Андрей/source/repos/devtools-course-practice/dashboard/build/modules/complex-number/test
"complex-number_gtest" start time: Apr 15 22:25 RTZ 2 (ceia)
Output:
----------------------------------------------------------
[==========] Running 445 tests from 88 test cases.
[----------] Global test environment set-up.
[----------] 1 test from ALIMOV_ALIMOV_MIKHAIL_ComplexNumber_Test1
[ RUN      ] ALIMOV_ALIMOV_MIKHAIL_ComplexNumber_Test1.sumirovaie
[       OK ] ALIMOV_ALIMOV_MIKHAIL_ComplexNumber_Test1.sumirovaie (0 ms)
[----------] 1 test from ALIMOV_ALIMOV_MIKHAIL_ComplexNumber_Test1 (0 ms total)

[----------] 1 test from ALIMOV_MIKHAIL_ComplexNumber_Test2
[ RUN      ] ALIMOV_MIKHAIL_ComplexNumber_Test2.ymnozenie
[       OK ] ALIMOV_MIKHAIL_ComplexNumber_Test2.ymnozenie (0 ms)
[----------] 1 test from ALIMOV_MIKHAIL_ComplexNumber_Test2 (0 ms total)

[----------] 1 test from ALIMOV_MIKHAIL_ComplexNumber_Test3
[ RUN      ] ALIMOV_MIKHAIL_ComplexNumber_Test3.vichitanie
[       OK ] ALIMOV_MIKHAIL_ComplexNumber_Test3.vichitanie (0 ms)
[----------] 1 test from ALIMOV_MIKHAIL_ComplexNumber_Test3 (0 ms total)

[----------] 1 test from ALIMOV_MIKHAIL_ComplexNumber_Test4
[ RUN      ] ALIMOV_MIKHAIL_ComplexNumber_Test4.delenie
[       OK ] ALIMOV_MIKHAIL_ComplexNumber_Test4.delenie (0 ms)
[----------] 1 test from ALIMOV_MIKHAIL_ComplexNumber_Test4 (0 ms total)

[----------] 4 tests from Andrich_Maria_ComplexNumberTest
[ RUN      ] Andrich_Maria_ComplexNumberTest.addition
[       OK ] Andrich_Maria_ComplexNumberTest.addition (0 ms)
[ RUN      ] Andrich_Maria_ComplexNumberTest.Sum
[       OK ] Andrich_Maria_ComplexNumberTest.Sum (0 ms)
[ RUN      ] Andrich_Maria_ComplexNumberTest.Divide_by_zero
[       OK ] Andrich_Maria_ComplexNumberTest.Divide_by_zero (0 ms)
[ RUN      ] Andrich_Maria_ComplexNumberTest.Comparison
[       OK ] Andrich_Maria_ComplexNumberTest.Comparison (0 ms)
[----------] 4 tests from Andrich_Maria_ComplexNumberTest (0 ms total)

[----------] 7 tests from Butescu_Vladimir_ComplexNumberTest
[ RUN      ] Butescu_Vladimir_ComplexNumberTest.Can_Init
[       OK ] Butescu_Vladimir_ComplexNumberTest.Can_Init (0 ms)
[ RUN      ] Butescu_Vladimir_ComplexNumberTest.Can_Create_Zero
[       OK ] Butescu_Vladimir_ComplexNumberTest.Can_Create_Zero (0 ms)
[ RUN      ] Butescu_Vladimir_ComplexNumberTest.Can_Sum
[       OK ] Butescu_Vladimir_ComplexNumberTest.Can_Sum (0 ms)
[ RUN      ] Butescu_Vladimir_ComplexNumberTest.Can_Difference
[       OK ] Butescu_Vladimir_ComplexNumberTest.Can_Difference (0 ms)
[ RUN      ] Butescu_Vladimir_ComplexNumberTest.Can_Multiplication
[       OK ] Butescu_Vladimir_ComplexNumberTest.Can_Multiplication (0 ms)
[ RUN      ] Butescu_Vladimir_ComplexNumberTest.Can_Division
[       OK ] Butescu_Vladimir_ComplexNumberTest.Can_Division (0 ms)
[ RUN      ] Butescu_Vladimir_ComplexNumberTest.Can_Equals_Unqals
[       OK ] Butescu_Vladimir_ComplexNumberTest.Can_Equals_Unqals (0 ms)
[----------] 7 tests from Butescu_Vladimir_ComplexNumberTest (1 ms total)

[----------] 4 tests from Cheremushkin_Kirill_ComplexNumberTest
[ RUN      ] Cheremushkin_Kirill_ComplexNumberTest.Can_Create_Zero
[       OK ] Cheremushkin_Kirill_ComplexNumberTest.Can_Create_Zero (0 ms)
[ RUN      ] Cheremushkin_Kirill_ComplexNumberTest.Can_Sum
[       OK ] Cheremushkin_Kirill_ComplexNumberTest.Can_Sum (0 ms)
[ RUN      ] Cheremushkin_Kirill_ComplexNumberTest.Can_Create_Minus
[       OK ] Cheremushkin_Kirill_ComplexNumberTest.Can_Create_Minus (0 ms)
[ RUN      ] Cheremushkin_Kirill_ComplexNumberTest.Can_Perform_Difference
[       OK ] Cheremushkin_Kirill_ComplexNumberTest.Can_Perform_Difference (0 ms)
[----------] 4 tests from Cheremushkin_Kirill_ComplexNumberTest (0 ms total)

[----------] 12 tests from DanshinGlebComplexNumberTest
[ RUN      ] DanshinGlebComplexNumberTest.DefaultConstructor
[       OK ] DanshinGlebComplexNumberTest.DefaultConstructor (0 ms)
[ RUN      ] DanshinGlebComplexNumberTest.ParameterizedConstructor
[       OK ] DanshinGlebComplexNumberTest.ParameterizedConstructor (0 ms)
[ RUN      ] DanshinGlebComplexNumberTest.CopyConstructor
[       OK ] DanshinGlebComplexNumberTest.CopyConstructor (0 ms)
[ RUN      ] DanshinGlebComplexNumberTest.AssignmentOperator
[       OK ] DanshinGlebComplexNumberTest.AssignmentOperator (0 ms)
[ RUN      ] DanshinGlebComplexNumberTest.EqualityOperator
[       OK ] DanshinGlebComplexNumberTest.EqualityOperator (0 ms)
[ RUN      ] DanshinGlebComplexNumberTest.CopyEqualsToOrigin
[       OK ] DanshinGlebComplexNumberTest.CopyEqualsToOrigin (0 ms)
[ RUN      ] DanshinGlebComplexNumberTest.InequalityOperator
[       OK ] DanshinGlebComplexNumberTest.InequalityOperator (0 ms)
[ RUN      ] DanshinGlebComplexNumberTest.AdditionOperator
[       OK ] DanshinGlebComplexNumberTest.AdditionOperator (0 ms)
[ RUN      ] DanshinGlebComplexNumberTest.SubtractionOperator
[       OK ] DanshinGlebComplexNumberTest.SubtractionOperator (0 ms)
[ RUN      ] DanshinGlebComplexNumberTest.MultiplicationOperator
[       OK ] DanshinGlebComplexNumberTest.MultiplicationOperator (0 ms)
[ RUN      ] DanshinGlebComplexNumberTest.DivisionOperator
[       OK ] DanshinGlebComplexNumberTest.DivisionOperator (0 ms)
[ RUN      ] DanshinGlebComplexNumberTest.DivisionByZeroError
[       OK ] DanshinGlebComplexNumberTest.DivisionByZeroError (0 ms)
[----------] 12 tests from DanshinGlebComplexNumberTest (0 ms total)

[----------] 3 tests from Diana_ComplexNumberTest
[ RUN      ] Diana_ComplexNumberTest.Multiplication_By_Zero
0[       OK ] Diana_ComplexNumberTest.Multiplication_By_Zero (3 ms)
[ RUN      ] Diana_ComplexNumberTest.Can_Operator_With_Zero
[       OK ] Diana_ComplexNumberTest.Can_Operator_With_Zero (0 ms)
[ RUN      ] Diana_ComplexNumberTest.Inequality
[       OK ] Diana_ComplexNumberTest.Inequality (0 ms)
[----------] 3 tests from Diana_ComplexNumberTest (3 ms total)

[----------] 3 tests from Elanskiy_Alexandr_ComplexNumberTest
[ RUN      ] Elanskiy_Alexandr_ComplexNumberTest.Create
[       OK ] Elanskiy_Alexandr_ComplexNumberTest.Create (0 ms)
[ RUN      ] Elanskiy_Alexandr_ComplexNumberTest.Subtraction
[       OK ] Elanskiy_Alexandr_ComplexNumberTest.Subtraction (0 ms)
[ RUN      ] Elanskiy_Alexandr_ComplexNumberTest.Sum
[       OK ] Elanskiy_Alexandr_ComplexNumberTest.Sum (0 ms)
[----------] 3 tests from Elanskiy_Alexandr_ComplexNumberTest (0 ms total)

[----------] 1 test from Balova_Elena_ComplexNumberTest1
[ RUN      ] Balova_Elena_ComplexNumberTest1.add
[       OK ] Balova_Elena_ComplexNumberTest1.add (0 ms)
[----------] 1 test from Balova_Elena_ComplexNumberTest1 (0 ms total)

[----------] 1 test from Balova_Elena_ComplexNumberTest2
[ RUN      ] Balova_Elena_ComplexNumberTest2.multiplication
[       OK ] Balova_Elena_ComplexNumberTest2.multiplication (0 ms)
[----------] 1 test from Balova_Elena_ComplexNumberTest2 (0 ms total)

[----------] 1 test from Balova_Elena_ComplexNumberTest3
[ RUN      ] Balova_Elena_ComplexNumberTest3.subtraction
[       OK ] Balova_Elena_ComplexNumberTest3.subtraction (0 ms)
[----------] 1 test from Balova_Elena_ComplexNumberTest3 (0 ms total)

[----------] 1 test from Balova_Elena_ComplexNumberTest4
[ RUN      ] Balova_Elena_ComplexNumberTest4.subtraction2
[       OK ] Balova_Elena_ComplexNumberTest4.subtraction2 (0 ms)
[----------] 1 test from Balova_Elena_ComplexNumberTest4 (0 ms total)

[----------] 9 tests from Frolov_Gleb_ComplexNumberTest
[ RUN      ] Frolov_Gleb_ComplexNumberTest.Init_Constructor_Positive_Num
[       OK ] Frolov_Gleb_ComplexNumberTest.Init_Constructor_Positive_Num (0 ms)
[ RUN      ] Frolov_Gleb_ComplexNumberTest.Init_Constructor_Negative_Num
[       OK ] Frolov_Gleb_ComplexNumberTest.Init_Constructor_Negative_Num (0 ms)
[ RUN      ] Frolov_Gleb_ComplexNumberTest.Copy_Constructor
[       OK ] Frolov_Gleb_ComplexNumberTest.Copy_Constructor (0 ms)
[ RUN      ] Frolov_Gleb_ComplexNumberTest.Sum_Of_Numbers
[       OK ] Frolov_Gleb_ComplexNumberTest.Sum_Of_Numbers (0 ms)
[ RUN      ] Frolov_Gleb_ComplexNumberTest.Sub_Of_Numbers
[       OK ] Frolov_Gleb_ComplexNumberTest.Sub_Of_Numbers (0 ms)
[ RUN      ] Frolov_Gleb_ComplexNumberTest.Mult_Of_Numbers
[       OK ] Frolov_Gleb_ComplexNumberTest.Mult_Of_Numbers (0 ms)
[ RUN      ] Frolov_Gleb_ComplexNumberTest.Mult_By_Zero
[       OK ] Frolov_Gleb_ComplexNumberTest.Mult_By_Zero (0 ms)
[ RUN      ] Frolov_Gleb_ComplexNumberTest.Div_Of_Numbers
[       OK ] Frolov_Gleb_ComplexNumberTest.Div_Of_Numbers (0 ms)
[ RUN      ] Frolov_Gleb_ComplexNumberTest.Div_By_Zero
[       OK ] Frolov_Gleb_ComplexNumberTest.Div_By_Zero (1 ms)
[----------] 9 tests from Frolov_Gleb_ComplexNumberTest (1 ms total)

[----------] 11 tests from Groshev_Nikolay_ComplexNumberTest
[ RUN      ] Groshev_Nikolay_ComplexNumberTest.TEST_DEFAULT_CONSTRUCTOR
[       OK ] Groshev_Nikolay_ComplexNumberTest.TEST_DEFAULT_CONSTRUCTOR (0 ms)
[ RUN      ] Groshev_Nikolay_ComplexNumberTest.TEST_INIT_CONSTRUCTOR
[       OK ] Groshev_Nikolay_ComplexNumberTest.TEST_INIT_CONSTRUCTOR (0 ms)
[ RUN      ] Groshev_Nikolay_ComplexNumberTest.TEST_COPY_CONSTRUCTOR
[       OK ] Groshev_Nikolay_ComplexNumberTest.TEST_COPY_CONSTRUCTOR (0 ms)
[ RUN      ] Groshev_Nikolay_ComplexNumberTest.TEST_CAN_SUM
[       OK ] Groshev_Nikolay_ComplexNumberTest.TEST_CAN_SUM (0 ms)
[ RUN      ] Groshev_Nikolay_ComplexNumberTest.TEST_CAN_MULTIPLE
[       OK ] Groshev_Nikolay_ComplexNumberTest.TEST_CAN_MULTIPLE (0 ms)
[ RUN      ] Groshev_Nikolay_ComplexNumberTest.TEST_CAN_DIV
[       OK ] Groshev_Nikolay_ComplexNumberTest.TEST_CAN_DIV (0 ms)
[ RUN      ] Groshev_Nikolay_ComplexNumberTest.TEST_CAN_DIV_BY_NULL_WITH_EXCEPTION
[       OK ] Groshev_Nikolay_ComplexNumberTest.TEST_CAN_DIV_BY_NULL_WITH_EXCEPTION (0 ms)
[ RUN      ] Groshev_Nikolay_ComplexNumberTest.TEST_EQUALS_POSITIVE
[       OK ] Groshev_Nikolay_ComplexNumberTest.TEST_EQUALS_POSITIVE (0 ms)
[ RUN      ] Groshev_Nikolay_ComplexNumberTest.TEST_EQUALS_NEGATIVE
[       OK ] Groshev_Nikolay_ComplexNumberTest.TEST_EQUALS_NEGATIVE (0 ms)
[ RUN      ] Groshev_Nikolay_ComplexNumberTest.TEST_UNQUALS_POSITIVE
[       OK ] Groshev_Nikolay_ComplexNumberTest.TEST_UNQUALS_POSITIVE (0 ms)
[ RUN      ] Groshev_Nikolay_ComplexNumberTest.TEST_UNQUALS_NEGATIVE
[       OK ] Groshev_Nikolay_ComplexNumberTest.TEST_UNQUALS_NEGATIVE (0 ms)
[----------] 11 tests from Groshev_Nikolay_ComplexNumberTest (0 ms total)

[----------] 12 tests from Krivosheev_Miron_ComplexNumberTest
[ RUN      ] Krivosheev_Miron_ComplexNumberTest.DefaultConstructor
[       OK ] Krivosheev_Miron_ComplexNumberTest.DefaultConstructor (0 ms)
[ RUN      ] Krivosheev_Miron_ComplexNumberTest.AssignConstructor
[       OK ] Krivosheev_Miron_ComplexNumberTest.AssignConstructor (0 ms)
[ RUN      ] Krivosheev_Miron_ComplexNumberTest.CopyConstructor
[       OK ] Krivosheev_Miron_ComplexNumberTest.CopyConstructor (0 ms)
[ RUN      ] Krivosheev_Miron_ComplexNumberTest.AssignOprator
[       OK ] Krivosheev_Miron_ComplexNumberTest.AssignOprator (0 ms)
[ RUN      ] Krivosheev_Miron_ComplexNumberTest.AdditionNumbers
[       OK ] Krivosheev_Miron_ComplexNumberTest.AdditionNumbers (0 ms)
[ RUN      ] Krivosheev_Miron_ComplexNumberTest.SubtractionNumbers
[       OK ] Krivosheev_Miron_ComplexNumberTest.SubtractionNumbers (0 ms)
[ RUN      ] Krivosheev_Miron_ComplexNumberTest.MultiplyNumbers
[       OK ] Krivosheev_Miron_ComplexNumberTest.MultiplyNumbers (0 ms)
[ RUN      ] Krivosheev_Miron_ComplexNumberTest.DivisionNumbers
[       OK ] Krivosheev_Miron_ComplexNumberTest.DivisionNumbers (0 ms)
[ RUN      ] Krivosheev_Miron_ComplexNumberTest.EqualityOperatorPossitive
[       OK ] Krivosheev_Miron_ComplexNumberTest.EqualityOperatorPossitive (0 ms)
[ RUN      ] Krivosheev_Miron_ComplexNumberTest.EqualityOperatorNegetive
[       OK ] Krivosheev_Miron_ComplexNumberTest.EqualityOperatorNegetive (0 ms)
[ RUN      ] Krivosheev_Miron_ComplexNumberTest.NotEqualityOperatorPossitive
[       OK ] Krivosheev_Miron_ComplexNumberTest.NotEqualityOperatorPossitive (0 ms)
[ RUN      ] Krivosheev_Miron_ComplexNumberTest.NotEqualityOperatorNegetive
[       OK ] Krivosheev_Miron_ComplexNumberTest.NotEqualityOperatorNegetive (0 ms)
[----------] 12 tests from Krivosheev_Miron_ComplexNumberTest (0 ms total)

[----------] 6 tests from Labinskaya_Marina_ComplexNumberTest
[ RUN      ] Labinskaya_Marina_ComplexNumberTest.Can_Create_Zero
[       OK ] Labinskaya_Marina_ComplexNumberTest.Can_Create_Zero (0 ms)
[ RUN      ] Labinskaya_Marina_ComplexNumberTest.Can_Create_Not_A_Zero
[       OK ] Labinskaya_Marina_ComplexNumberTest.Can_Create_Not_A_Zero (0 ms)
[ RUN      ] Labinskaya_Marina_ComplexNumberTest.Can_Add_Two_Numbers
[       OK ] Labinskaya_Marina_ComplexNumberTest.Can_Add_Two_Numbers (0 ms)
[ RUN      ] Labinskaya_Marina_ComplexNumberTest.Can_Subtract_Two_Numbers
[       OK ] Labinskaya_Marina_ComplexNumberTest.Can_Subtract_Two_Numbers (0 ms)
[ RUN      ] Labinskaya_Marina_ComplexNumberTest.Can_Multply_Two_Numbers
[       OK ] Labinskaya_Marina_ComplexNumberTest.Can_Multply_Two_Numbers (0 ms)
[ RUN      ] Labinskaya_Marina_ComplexNumberTest.Cant_Divide_By_Zero
[       OK ] Labinskaya_Marina_ComplexNumberTest.Cant_Divide_By_Zero (0 ms)
[----------] 6 tests from Labinskaya_Marina_ComplexNumberTest (0 ms total)

[----------] 1 test from Melnikov_Aleksei_ComplexNumberTest1
[ RUN      ] Melnikov_Aleksei_ComplexNumberTest1.add
[       OK ] Melnikov_Aleksei_ComplexNumberTest1.add (0 ms)
[----------] 1 test from Melnikov_Aleksei_ComplexNumberTest1 (0 ms total)

[----------] 1 test from Melnikov_Aleksei_ComplexNumberTest2
[ RUN      ] Melnikov_Aleksei_ComplexNumberTest2.multiplication
[       OK ] Melnikov_Aleksei_ComplexNumberTest2.multiplication (0 ms)
[----------] 1 test from Melnikov_Aleksei_ComplexNumberTest2 (0 ms total)

[----------] 1 test from Melnikov_Aleksei_ComplexNumberTest3
[ RUN      ] Melnikov_Aleksei_ComplexNumberTest3.subtraction
[       OK ] Melnikov_Aleksei_ComplexNumberTest3.subtraction (0 ms)
[----------] 1 test from Melnikov_Aleksei_ComplexNumberTest3 (0 ms total)

[----------] 1 test from Melnikov_Aleksei_ComplexNumberTest4
[ RUN      ] Melnikov_Aleksei_ComplexNumberTest4.subtraction2
[       OK ] Melnikov_Aleksei_ComplexNumberTest4.subtraction2 (0 ms)
[----------] 1 test from Melnikov_Aleksei_ComplexNumberTest4 (0 ms total)

[----------] 10 tests from Mironova_Ekaterina_ComplexNumberTest
[ RUN      ] Mironova_Ekaterina_ComplexNumberTest.can_create_complex_number
[       OK ] Mironova_Ekaterina_ComplexNumberTest.can_create_complex_number (0 ms)
[ RUN      ] Mironova_Ekaterina_ComplexNumberTest.getRe_works_correct
[       OK ] Mironova_Ekaterina_ComplexNumberTest.getRe_works_correct (0 ms)
[ RUN      ] Mironova_Ekaterina_ComplexNumberTest.getIm_works_correct
[       OK ] Mironova_Ekaterina_ComplexNumberTest.getIm_works_correct (0 ms)
[ RUN      ] Mironova_Ekaterina_ComplexNumberTest.setRe_works_correct
[       OK ] Mironova_Ekaterina_ComplexNumberTest.setRe_works_correct (0 ms)
[ RUN      ] Mironova_Ekaterina_ComplexNumberTest.setIm_works_correct
[       OK ] Mironova_Ekaterina_ComplexNumberTest.setIm_works_correct (0 ms)
[ RUN      ] Mironova_Ekaterina_ComplexNumberTest.addition_is_correct
[       OK ] Mironova_Ekaterina_ComplexNumberTest.addition_is_correct (0 ms)
[ RUN      ] Mironova_Ekaterina_ComplexNumberTest.subtraction_is_correct
[       OK ] Mironova_Ekaterina_ComplexNumberTest.subtraction_is_correct (0 ms)
[ RUN      ] Mironova_Ekaterina_ComplexNumberTest.multiplication_is_correct
[       OK ] Mironova_Ekaterina_ComplexNumberTest.multiplication_is_correct (0 ms)
[ RUN      ] Mironova_Ekaterina_ComplexNumberTest.division_is_correct
[       OK ] Mironova_Ekaterina_ComplexNumberTest.division_is_correct (0 ms)
[ RUN      ] Mironova_Ekaterina_ComplexNumberTest.cant_divide_by_zero
[       OK ] Mironova_Ekaterina_ComplexNumberTest.cant_divide_by_zero (0 ms)
[----------] 10 tests from Mironova_Ekaterina_ComplexNumberTest (0 ms total)

[----------] 7 tests from Novozhilov_Alexandr_ComplexNumberTest
[ RUN      ] Novozhilov_Alexandr_ComplexNumberTest.Default_Constructor_Works
[       OK ] Novozhilov_Alexandr_ComplexNumberTest.Default_Constructor_Works (0 ms)
[ RUN      ] Novozhilov_Alexandr_ComplexNumberTest.Constructor_With_Parametrs_Works
[       OK ] Novozhilov_Alexandr_ComplexNumberTest.Constructor_With_Parametrs_Works (0 ms)
[ RUN      ] Novozhilov_Alexandr_ComplexNumberTest.Copy_Constructor_Works
[       OK ] Novozhilov_Alexandr_ComplexNumberTest.Copy_Constructor_Works (0 ms)
[ RUN      ] Novozhilov_Alexandr_ComplexNumberTest.GetRe_Returns_Correct_Value
[       OK ] Novozhilov_Alexandr_ComplexNumberTest.GetRe_Returns_Correct_Value (0 ms)
[ RUN      ] Novozhilov_Alexandr_ComplexNumberTest.GetIm_Returns_Correct_Value
[       OK ] Novozhilov_Alexandr_ComplexNumberTest.GetIm_Returns_Correct_Value (0 ms)
[ RUN      ] Novozhilov_Alexandr_ComplexNumberTest.SetRe_Works_Correctly
[       OK ] Novozhilov_Alexandr_ComplexNumberTest.SetRe_Works_Correctly (0 ms)
[ RUN      ] Novozhilov_Alexandr_ComplexNumberTest.SetIm_Works_Correctly
[       OK ] Novozhilov_Alexandr_ComplexNumberTest.SetIm_Works_Correctly (0 ms)
[----------] 7 tests from Novozhilov_Alexandr_ComplexNumberTest (1 ms total)

[----------] 4 tests from Oskin_Georgii_ComplexNumTest
[ RUN      ] Oskin_Georgii_ComplexNumTest.Zero_Init
[       OK ] Oskin_Georgii_ComplexNumTest.Zero_Init (0 ms)
[ RUN      ] Oskin_Georgii_ComplexNumTest.Init_by_Constructor
[       OK ] Oskin_Georgii_ComplexNumTest.Init_by_Constructor (0 ms)
[ RUN      ] Oskin_Georgii_ComplexNumTest.ComplexNum_Comparsion_unInit
[       OK ] Oskin_Georgii_ComplexNumTest.ComplexNum_Comparsion_unInit (0 ms)
[ RUN      ] Oskin_Georgii_ComplexNumTest.ComplexNum_Comparsion_Init
[       OK ] Oskin_Georgii_ComplexNumTest.ComplexNum_Comparsion_Init (0 ms)
[----------] 4 tests from Oskin_Georgii_ComplexNumTest (0 ms total)

[----------] 14 tests from ComplexNumberTest
[ RUN      ] ComplexNumberTest.Can_Create_Zero
[       OK ] ComplexNumberTest.Can_Create_Zero (0 ms)
[ RUN      ] ComplexNumberTest.Return_correct_re
[       OK ] ComplexNumberTest.Return_correct_re (0 ms)
[ RUN      ] ComplexNumberTest.Return_correct_im
[       OK ] ComplexNumberTest.Return_correct_im (0 ms)
[ RUN      ] ComplexNumberTest.Correct_op_plus_re
[       OK ] ComplexNumberTest.Correct_op_plus_re (0 ms)
[ RUN      ] ComplexNumberTest.Correct_op_plus_im
[       OK ] ComplexNumberTest.Correct_op_plus_im (0 ms)
[ RUN      ] ComplexNumberTest.Correct_op_minus
[       OK ] ComplexNumberTest.Correct_op_minus (0 ms)
[ RUN      ] ComplexNumberTest.Correct_eq
[       OK ] ComplexNumberTest.Correct_eq (0 ms)
[ RUN      ] ComplexNumberTest.Incorrect_eq
[       OK ] ComplexNumberTest.Incorrect_eq (0 ms)
[ RUN      ] ComplexNumberTest.Correct_op_division_on_zero
[       OK ] ComplexNumberTest.Correct_op_division_on_zero (0 ms)
[ RUN      ] ComplexNumberTest.Can_Get_Parts
[       OK ] ComplexNumberTest.Can_Get_Parts (0 ms)
[ RUN      ] ComplexNumberTest.Can_Sum
[       OK ] ComplexNumberTest.Can_Sum (0 ms)
[ RUN      ] ComplexNumberTest.Assert_Throw_If_Devision_On_Zero
[       OK ] ComplexNumberTest.Assert_Throw_If_Devision_On_Zero (0 ms)
[ RUN      ] ComplexNumberTest.Can_Compare_Complex_Number
[       OK ] ComplexNumberTest.Can_Compare_Complex_Number (0 ms)
[ RUN      ] ComplexNumberTest.Can_Assign_Complex_Number
[       OK ] ComplexNumberTest.Can_Assign_Complex_Number (0 ms)
[----------] 14 tests from ComplexNumberTest (0 ms total)

[----------] 4 tests from My_Test_SH_D_ComplexNumberTest
[ RUN      ] My_Test_SH_D_ComplexNumberTest.Can_Create_Zero_Complex_Number
[       OK ] My_Test_SH_D_ComplexNumberTest.Can_Create_Zero_Complex_Number (0 ms)
[ RUN      ] My_Test_SH_D_ComplexNumberTest.Can_Subtraction_Complex_Number
[       OK ] My_Test_SH_D_ComplexNumberTest.Can_Subtraction_Complex_Number (0 ms)
[ RUN      ] My_Test_SH_D_ComplexNumberTest.Can_Addition_Complex_Number
[       OK ] My_Test_SH_D_ComplexNumberTest.Can_Addition_Complex_Number (0 ms)
[ RUN      ] My_Test_SH_D_ComplexNumberTest.Can_Multiply_Complex_Number
[       OK ] My_Test_SH_D_ComplexNumberTest.Can_Multiply_Complex_Number (0 ms)
[----------] 4 tests from My_Test_SH_D_ComplexNumberTest (0 ms total)

[----------] 3 tests from Ustiuzhanin_Nikita_ComplexNumberTest
[ RUN      ] Ustiuzhanin_Nikita_ComplexNumberTest.Destroy_Im
[       OK ] Ustiuzhanin_Nikita_ComplexNumberTest.Destroy_Im (0 ms)
[ RUN      ] Ustiuzhanin_Nikita_ComplexNumberTest.Equal_square
[       OK ] Ustiuzhanin_Nikita_ComplexNumberTest.Equal_square (0 ms)
[ RUN      ] Ustiuzhanin_Nikita_ComplexNumberTest.Divide_By_Zero
[       OK ] Ustiuzhanin_Nikita_ComplexNumberTest.Divide_By_Zero (0 ms)
[----------] 3 tests from Ustiuzhanin_Nikita_ComplexNumberTest (0 ms total)

[----------] 3 tests from Zaitsev_Alexander_ComplexNumberTest
[ RUN      ] Zaitsev_Alexander_ComplexNumberTest.Can_Create_Zero
[       OK ] Zaitsev_Alexander_ComplexNumberTest.Can_Create_Zero (0 ms)
[ RUN      ] Zaitsev_Alexander_ComplexNumberTest.Can_Imaginary_Nubmer
[       OK ] Zaitsev_Alexander_ComplexNumberTest.Can_Imaginary_Nubmer (0 ms)
[ RUN      ] Zaitsev_Alexander_ComplexNumberTest.Can_Create_Real_Nubmer
[       OK ] Zaitsev_Alexander_ComplexNumberTest.Can_Create_Real_Nubmer (0 ms)
[----------] 3 tests from Zaitsev_Alexander_ComplexNumberTest (0 ms total)

[----------] 9 tests from Bakina_Kseniia_ComplexNumberTest
[ RUN      ] Bakina_Kseniia_ComplexNumberTest.check_initialization_constructor
[       OK ] Bakina_Kseniia_ComplexNumberTest.check_initialization_constructor (0 ms)
[ RUN      ] Bakina_Kseniia_ComplexNumberTest.check_copy_constructor
[       OK ] Bakina_Kseniia_ComplexNumberTest.check_copy_constructor (0 ms)
[ RUN      ] Bakina_Kseniia_ComplexNumberTest.check_setters
[       OK ] Bakina_Kseniia_ComplexNumberTest.check_setters (0 ms)
[ RUN      ] Bakina_Kseniia_ComplexNumberTest.check_equality_operation
[       OK ] Bakina_Kseniia_ComplexNumberTest.check_equality_operation (0 ms)
[ RUN      ] Bakina_Kseniia_ComplexNumberTest.check_inequality_operation
[       OK ] Bakina_Kseniia_ComplexNumberTest.check_inequality_operation (0 ms)
[ RUN      ] Bakina_Kseniia_ComplexNumberTest.check_addition
[       OK ] Bakina_Kseniia_ComplexNumberTest.check_addition (0 ms)
[ RUN      ] Bakina_Kseniia_ComplexNumberTest.check_subtraction
[       OK ] Bakina_Kseniia_ComplexNumberTest.check_subtraction (0 ms)
[ RUN      ] Bakina_Kseniia_ComplexNumberTest.check_multiplication
[       OK ] Bakina_Kseniia_ComplexNumberTest.check_multiplication (0 ms)
[ RUN      ] Bakina_Kseniia_ComplexNumberTest.check_division
[       OK ] Bakina_Kseniia_ComplexNumberTest.check_division (0 ms)
[----------] 9 tests from Bakina_Kseniia_ComplexNumberTest (0 ms total)

[----------] 4 tests from BELYAEV_ILYA_ComplexNumberTest
[ RUN      ] BELYAEV_ILYA_ComplexNumberTest.Start
[       OK ] BELYAEV_ILYA_ComplexNumberTest.Start (0 ms)
[ RUN      ] BELYAEV_ILYA_ComplexNumberTest.Plus
[       OK ] BELYAEV_ILYA_ComplexNumberTest.Plus (0 ms)
[ RUN      ] BELYAEV_ILYA_ComplexNumberTest.Minus
[       OK ] BELYAEV_ILYA_ComplexNumberTest.Minus (0 ms)
[ RUN      ] BELYAEV_ILYA_ComplexNumberTest.Not
[       OK ] BELYAEV_ILYA_ComplexNumberTest.Not (0 ms)
[----------] 4 tests from BELYAEV_ILYA_ComplexNumberTest (0 ms total)

[----------] 3 tests from Borisov_Maxim_ComplexNumberTest
[ RUN      ] Borisov_Maxim_ComplexNumberTest.CanCreate
[       OK ] Borisov_Maxim_ComplexNumberTest.CanCreate (0 ms)
[ RUN      ] Borisov_Maxim_ComplexNumberTest.CanSetRe
[       OK ] Borisov_Maxim_ComplexNumberTest.CanSetRe (0 ms)
[ RUN      ] Borisov_Maxim_ComplexNumberTest.CanOpPlus
[       OK ] Borisov_Maxim_ComplexNumberTest.CanOpPlus (0 ms)
[----------] 3 tests from Borisov_Maxim_ComplexNumberTest (0 ms total)

[----------] 1 test from Borisov_Maxim_CompleNumberTest
[ RUN      ] Borisov_Maxim_CompleNumberTest.CanSetIm
[       OK ] Borisov_Maxim_CompleNumberTest.CanSetIm (0 ms)
[----------] 1 test from Borisov_Maxim_CompleNumberTest (0 ms total)

[----------] 3 tests from BD_CN_TEST
[ RUN      ] BD_CN_TEST.TEST_COMPLEX_NUMBER_SUM_FIRST_AND_SECOND_TRUE
[       OK ] BD_CN_TEST.TEST_COMPLEX_NUMBER_SUM_FIRST_AND_SECOND_TRUE (0 ms)
[ RUN      ] BD_CN_TEST.TEST_COMPLEX_NUMBER_MULTIPLY_FIRST_AND_SECOND_TRUE
[       OK ] BD_CN_TEST.TEST_COMPLEX_NUMBER_MULTIPLY_FIRST_AND_SECOND_TRUE (0 ms)
[ RUN      ] BD_CN_TEST.TEST_COMPLEX_NUMBER_SUBTRACTION_FIRST_AND_SECOND_TRUE
[       OK ] BD_CN_TEST.TEST_COMPLEX_NUMBER_SUBTRACTION_FIRST_AND_SECOND_TRUE (0 ms)
[----------] 3 tests from BD_CN_TEST (0 ms total)

[----------] 7 tests from OpeartionSuite
[ RUN      ] OpeartionSuite.OperationPlus
[       OK ] OpeartionSuite.OperationPlus (0 ms)
[ RUN      ] OpeartionSuite.OperationMinus
[       OK ] OpeartionSuite.OperationMinus (0 ms)
[ RUN      ] OpeartionSuite.OperationMultiply
[       OK ] OpeartionSuite.OperationMultiply (0 ms)
[ RUN      ] OpeartionSuite.OperationDevide
[       OK ] OpeartionSuite.OperationDevide (0 ms)
[ RUN      ] OpeartionSuite.SumTest
[       OK ] OpeartionSuite.SumTest (0 ms)
[ RUN      ] OpeartionSuite.SubtractTest
[       OK ] OpeartionSuite.SubtractTest (0 ms)
[ RUN      ] OpeartionSuite.MultiplyTest
[       OK ] OpeartionSuite.MultiplyTest (0 ms)
[----------] 7 tests from OpeartionSuite (0 ms total)

[----------] 1 test from Dergalova_Arina_ComplexNumberTest0
[ RUN      ] Dergalova_Arina_ComplexNumberTest0.add
[       OK ] Dergalova_Arina_ComplexNumberTest0.add (0 ms)
[----------] 1 test from Dergalova_Arina_ComplexNumberTest0 (0 ms total)

[----------] 1 test from Dergalova_Arina_ComplexNumberTest1
[ RUN      ] Dergalova_Arina_ComplexNumberTest1.summ
[       OK ] Dergalova_Arina_ComplexNumberTest1.summ (0 ms)
[----------] 1 test from Dergalova_Arina_ComplexNumberTest1 (0 ms total)

[----------] 1 test from Dergalova_Arina_ComplexNumberTest2
[ RUN      ] Dergalova_Arina_ComplexNumberTest2.substract
[       OK ] Dergalova_Arina_ComplexNumberTest2.substract (0 ms)
[----------] 1 test from Dergalova_Arina_ComplexNumberTest2 (0 ms total)

[----------] 1 test from Dergalova_Arina_ComplexNumberTest3
[ RUN      ] Dergalova_Arina_ComplexNumberTest3.multiply
[       OK ] Dergalova_Arina_ComplexNumberTest3.multiply (0 ms)
[----------] 1 test from Dergalova_Arina_ComplexNumberTest3 (0 ms total)

[----------] 1 test from Dergalova_Arina_ComplexNumberTest4
[ RUN      ] Dergalova_Arina_ComplexNumberTest4.division
[       OK ] Dergalova_Arina_ComplexNumberTest4.division (0 ms)
[----------] 1 test from Dergalova_Arina_ComplexNumberTest4 (0 ms total)

[----------] 1 test from Dergalova_Arina_ComplexNumberTest5
[ RUN      ] Dergalova_Arina_ComplexNumberTest5.compare
[       OK ] Dergalova_Arina_ComplexNumberTest5.compare (0 ms)
[----------] 1 test from Dergalova_Arina_ComplexNumberTest5 (0 ms total)

[----------] 4 tests from Dydykin_Pavel_ComplexNumberTest
[ RUN      ] Dydykin_Pavel_ComplexNumberTest.Can_Sum
[       OK ] Dydykin_Pavel_ComplexNumberTest.Can_Sum (0 ms)
[ RUN      ] Dydykin_Pavel_ComplexNumberTest.Can_Minus
[       OK ] Dydykin_Pavel_ComplexNumberTest.Can_Minus (0 ms)
[ RUN      ] Dydykin_Pavel_ComplexNumberTest.Can_Multiply
[       OK ] Dydykin_Pavel_ComplexNumberTest.Can_Multiply (0 ms)
[ RUN      ] Dydykin_Pavel_ComplexNumberTest.Can_Compare
[       OK ] Dydykin_Pavel_ComplexNumberTest.Can_Compare (0 ms)
[----------] 4 tests from Dydykin_Pavel_ComplexNumberTest (0 ms total)

[----------] 3 tests from Ermakov_Pavel_comp_test
[ RUN      ] Ermakov_Pavel_comp_test.test1
[       OK ] Ermakov_Pavel_comp_test.test1 (0 ms)
[ RUN      ] Ermakov_Pavel_comp_test.test2
[       OK ] Ermakov_Pavel_comp_test.test2 (0 ms)
[ RUN      ] Ermakov_Pavel_comp_test.test3
[       OK ] Ermakov_Pavel_comp_test.test3 (0 ms)
[----------] 3 tests from Ermakov_Pavel_comp_test (0 ms total)

[----------] 4 tests from ershov_alexey_complex_number_test
[ RUN      ] ershov_alexey_complex_number_test.complex_assignment
[       OK ] ershov_alexey_complex_number_test.complex_assignment (0 ms)
[ RUN      ] ershov_alexey_complex_number_test.complex_set_single_assignment
[       OK ] ershov_alexey_complex_number_test.complex_set_single_assignment (0 ms)
[ RUN      ] ershov_alexey_complex_number_test.complex_set_pair_not_assignment
[       OK ] ershov_alexey_complex_number_test.complex_set_pair_not_assignment (0 ms)
[ RUN      ] ershov_alexey_complex_number_test.complex_no_exception_multiply
[       OK ] ershov_alexey_complex_number_test.complex_no_exception_multiply (0 ms)
[----------] 4 tests from ershov_alexey_complex_number_test (0 ms total)

[----------] 4 tests from Galindo_Javier_ComplexNumberTest
[ RUN      ] Galindo_Javier_ComplexNumberTest.Can_Create_Zero
[       OK ] Galindo_Javier_ComplexNumberTest.Can_Create_Zero (0 ms)
[ RUN      ] Galindo_Javier_ComplexNumberTest.Can_Get_CompNumb
[       OK ] Galindo_Javier_ComplexNumberTest.Can_Get_CompNumb (0 ms)
[ RUN      ] Galindo_Javier_ComplexNumberTest.Can_Add
[       OK ] Galindo_Javier_ComplexNumberTest.Can_Add (0 ms)
[ RUN      ] Galindo_Javier_ComplexNumberTest.Can_Subtract
[       OK ] Galindo_Javier_ComplexNumberTest.Can_Subtract (0 ms)
[----------] 4 tests from Galindo_Javier_ComplexNumberTest (0 ms total)

[----------] 5 tests from GordeevComplexNumberTest
[ RUN      ] GordeevComplexNumberTest.Throw_On_Zero
[       OK ] GordeevComplexNumberTest.Throw_On_Zero (0 ms)
[ RUN      ] GordeevComplexNumberTest.Can_Sum_Vals
[       OK ] GordeevComplexNumberTest.Can_Sum_Vals (0 ms)
[ RUN      ] GordeevComplexNumberTest.Assignment_Of_Number
[       OK ] GordeevComplexNumberTest.Assignment_Of_Number (0 ms)
[ RUN      ] GordeevComplexNumberTest.Can_Get_Parts_Of_Value
[       OK ] GordeevComplexNumberTest.Can_Get_Parts_Of_Value (0 ms)
[ RUN      ] GordeevComplexNumberTest.Can_Compare_Complex_Number
[       OK ] GordeevComplexNumberTest.Can_Compare_Complex_Number (0 ms)
[----------] 5 tests from GordeevComplexNumberTest (1 ms total)

[----------] 3 tests from Gordey_Maria_ComplexNumberTest
[ RUN      ] Gordey_Maria_ComplexNumberTest.hypotenuse_and_legs
[       OK ] Gordey_Maria_ComplexNumberTest.hypotenuse_and_legs (0 ms)
[ RUN      ] Gordey_Maria_ComplexNumberTest.equal
[       OK ] Gordey_Maria_ComplexNumberTest.equal (0 ms)
[ RUN      ] Gordey_Maria_ComplexNumberTest.not_equal
[       OK ] Gordey_Maria_ComplexNumberTest.not_equal (0 ms)
[----------] 3 tests from Gordey_Maria_ComplexNumberTest (0 ms total)

[----------] 3 tests from Gudkov_Andrey_comp_number_test
[ RUN      ] Gudkov_Andrey_comp_number_test.firt_test
[       OK ] Gudkov_Andrey_comp_number_test.firt_test (0 ms)
[ RUN      ] Gudkov_Andrey_comp_number_test.second_test
[       OK ] Gudkov_Andrey_comp_number_test.second_test (0 ms)
[ RUN      ] Gudkov_Andrey_comp_number_test.third_test
[       OK ] Gudkov_Andrey_comp_number_test.third_test (0 ms)
[----------] 3 tests from Gudkov_Andrey_comp_number_test (0 ms total)

[----------] 8 tests from ivanov_arkady_complex_number_test
[ RUN      ] ivanov_arkady_complex_number_test.correct_init_constructor
[       OK ] ivanov_arkady_complex_number_test.correct_init_constructor (0 ms)
[ RUN      ] ivanov_arkady_complex_number_test.correct_copy_constructor
[       OK ] ivanov_arkady_complex_number_test.correct_copy_constructor (0 ms)
[ RUN      ] ivanov_arkady_complex_number_test.correct_eq_operator_1
[       OK ] ivanov_arkady_complex_number_test.correct_eq_operator_1 (0 ms)
[ RUN      ] ivanov_arkady_complex_number_test.correct_eq_operator_2
[       OK ] ivanov_arkady_complex_number_test.correct_eq_operator_2 (0 ms)
[ RUN      ] ivanov_arkady_complex_number_test.correct_setters
[       OK ] ivanov_arkady_complex_number_test.correct_setters (0 ms)
[ RUN      ] ivanov_arkady_complex_number_test.correct_substr
[       OK ] ivanov_arkady_complex_number_test.correct_substr (0 ms)
[ RUN      ] ivanov_arkady_complex_number_test.correct_addit
[       OK ] ivanov_arkady_complex_number_test.correct_addit (0 ms)
[ RUN      ] ivanov_arkady_complex_number_test.correct_multip
[       OK ] ivanov_arkady_complex_number_test.correct_multip (0 ms)
[----------] 8 tests from ivanov_arkady_complex_number_test (0 ms total)

[----------] 1 test from Kazhaeva_Anastasia_ComplexNumberTest1
[ RUN      ] Kazhaeva_Anastasia_ComplexNumberTest1.add
[       OK ] Kazhaeva_Anastasia_ComplexNumberTest1.add (0 ms)
[----------] 1 test from Kazhaeva_Anastasia_ComplexNumberTest1 (0 ms total)

[----------] 1 test from Kazhaeva_Anastasia_ComplexNumberTest2
[ RUN      ] Kazhaeva_Anastasia_ComplexNumberTest2.multiplication
[       OK ] Kazhaeva_Anastasia_ComplexNumberTest2.multiplication (0 ms)
[----------] 1 test from Kazhaeva_Anastasia_ComplexNumberTest2 (0 ms total)

[----------] 1 test from Kazhaeva_Anastasia_ComplexNumberTest3
[ RUN      ] Kazhaeva_Anastasia_ComplexNumberTest3.subtraction
[       OK ] Kazhaeva_Anastasia_ComplexNumberTest3.subtraction (0 ms)
[----------] 1 test from Kazhaeva_Anastasia_ComplexNumberTest3 (0 ms total)

[----------] 1 test from Kazhaeva_Anastasia_ComplexNumberTest4
[ RUN      ] Kazhaeva_Anastasia_ComplexNumberTest4.subtraction2
[       OK ] Kazhaeva_Anastasia_ComplexNumberTest4.subtraction2 (0 ms)
[----------] 1 test from Kazhaeva_Anastasia_ComplexNumberTest4 (0 ms total)

[----------] 4 tests from Kim_Nikita_ComplexNumberTest
[ RUN      ] Kim_Nikita_ComplexNumberTest.Can_Create_Zero
[       OK ] Kim_Nikita_ComplexNumberTest.Can_Create_Zero (0 ms)
[ RUN      ] Kim_Nikita_ComplexNumberTest.Can_Sum
[       OK ] Kim_Nikita_ComplexNumberTest.Can_Sum (0 ms)
[ RUN      ] Kim_Nikita_ComplexNumberTest.Can_Prod
[       OK ] Kim_Nikita_ComplexNumberTest.Can_Prod (0 ms)
[ RUN      ] Kim_Nikita_ComplexNumberTest.Can_Do_Large_Operations
[       OK ] Kim_Nikita_ComplexNumberTest.Can_Do_Large_Operations (0 ms)
[----------] 4 tests from Kim_Nikita_ComplexNumberTest (0 ms total)

[----------] 7 tests from Lakhov_Kirill_ComplexNumberTest
[ RUN      ] Lakhov_Kirill_ComplexNumberTest.Can_Sum
[       OK ] Lakhov_Kirill_ComplexNumberTest.Can_Sum (0 ms)
[ RUN      ] Lakhov_Kirill_ComplexNumberTest.Can_Subtract
[       OK ] Lakhov_Kirill_ComplexNumberTest.Can_Subtract (0 ms)
[ RUN      ] Lakhov_Kirill_ComplexNumberTest.Can_Multiply
[       OK ] Lakhov_Kirill_ComplexNumberTest.Can_Multiply (0 ms)
[ RUN      ] Lakhov_Kirill_ComplexNumberTest.Can_Divide
[       OK ] Lakhov_Kirill_ComplexNumberTest.Can_Divide (0 ms)
[ RUN      ] Lakhov_Kirill_ComplexNumberTest.Can_Compare_1
[       OK ] Lakhov_Kirill_ComplexNumberTest.Can_Compare_1 (0 ms)
[ RUN      ] Lakhov_Kirill_ComplexNumberTest.Can_Compare_2
[       OK ] Lakhov_Kirill_ComplexNumberTest.Can_Compare_2 (0 ms)
[ RUN      ] Lakhov_Kirill_ComplexNumberTest.Can_Copy
[       OK ] Lakhov_Kirill_ComplexNumberTest.Can_Copy (0 ms)
[----------] 7 tests from Lakhov_Kirill_ComplexNumberTest (0 ms total)

[----------] 3 tests from Kirill_Trevogi_ComplexNumberTest
[ RUN      ] Kirill_Trevogi_ComplexNumberTest.Can_Sum
[       OK ] Kirill_Trevogi_ComplexNumberTest.Can_Sum (0 ms)
[ RUN      ] Kirill_Trevogi_ComplexNumberTest.Can_Get_Const
[       OK ] Kirill_Trevogi_ComplexNumberTest.Can_Get_Const (0 ms)
[ RUN      ] Kirill_Trevogi_ComplexNumberTest.Shto
[       OK ] Kirill_Trevogi_ComplexNumberTest.Shto (0 ms)
[----------] 3 tests from Kirill_Trevogi_ComplexNumberTest (0 ms total)

[----------] 7 tests from Kitaev_Pavel_ComplexNumberTest
[ RUN      ] Kitaev_Pavel_ComplexNumberTest.Can_Instantiate_ComplexNumber
[       OK ] Kitaev_Pavel_ComplexNumberTest.Can_Instantiate_ComplexNumber (0 ms)
[ RUN      ] Kitaev_Pavel_ComplexNumberTest.Can_Perform_Sum
[       OK ] Kitaev_Pavel_ComplexNumberTest.Can_Perform_Sum (1 ms)
[ RUN      ] Kitaev_Pavel_ComplexNumberTest.Can_Perform_Difference
[       OK ] Kitaev_Pavel_ComplexNumberTest.Can_Perform_Difference (0 ms)
[ RUN      ] Kitaev_Pavel_ComplexNumberTest.Can_Perform_Multiplication
[       OK ] Kitaev_Pavel_ComplexNumberTest.Can_Perform_Multiplication (0 ms)
[ RUN      ] Kitaev_Pavel_ComplexNumberTest.Can_Perform_Multiplication_in_Zerro
[       OK ] Kitaev_Pavel_ComplexNumberTest.Can_Perform_Multiplication_in_Zerro (0 ms)
[ RUN      ] Kitaev_Pavel_ComplexNumberTest.Can_Perform_Division
[       OK ] Kitaev_Pavel_ComplexNumberTest.Can_Perform_Division (0 ms)
[ RUN      ] Kitaev_Pavel_ComplexNumberTest.Can_Do_Comparison
[       OK ] Kitaev_Pavel_ComplexNumberTest.Can_Do_Comparison (0 ms)
[----------] 7 tests from Kitaev_Pavel_ComplexNumberTest (1 ms total)

[----------] 5 tests from Korobeinikov_ComplexNumberTest
[ RUN      ] Korobeinikov_ComplexNumberTest.Can_Create_Zero
[       OK ] Korobeinikov_ComplexNumberTest.Can_Create_Zero (0 ms)
[ RUN      ] Korobeinikov_ComplexNumberTest.Can_Sum
[       OK ] Korobeinikov_ComplexNumberTest.Can_Sum (0 ms)
[ RUN      ] Korobeinikov_ComplexNumberTest.Can_Minus
[       OK ] Korobeinikov_ComplexNumberTest.Can_Minus (0 ms)
[ RUN      ] Korobeinikov_ComplexNumberTest.Can_Multiply
[       OK ] Korobeinikov_ComplexNumberTest.Can_Multiply (0 ms)
[ RUN      ] Korobeinikov_ComplexNumberTest.Can_Compare
[       OK ] Korobeinikov_ComplexNumberTest.Can_Compare (0 ms)
[----------] 5 tests from Korobeinikov_ComplexNumberTest (0 ms total)

[----------] 3 tests from Stepakrap_ComplexNumberTest
[ RUN      ] Stepakrap_ComplexNumberTest.Can_Create_Real_Nubmer
[       OK ] Stepakrap_ComplexNumberTest.Can_Create_Real_Nubmer (0 ms)
[ RUN      ] Stepakrap_ComplexNumberTest.Can_Imaginary_Nubmer
[       OK ] Stepakrap_ComplexNumberTest.Can_Imaginary_Nubmer (0 ms)
[ RUN      ] Stepakrap_ComplexNumberTest.MultiplyTest
[       OK ] Stepakrap_ComplexNumberTest.MultiplyTest (0 ms)
[----------] 3 tests from Stepakrap_ComplexNumberTest (0 ms total)

[----------] 6 tests from Kruglov_Aleksei_ComplexNumberTest
[ RUN      ] Kruglov_Aleksei_ComplexNumberTest.Create
[       OK ] Kruglov_Aleksei_ComplexNumberTest.Create (0 ms)
[ RUN      ] Kruglov_Aleksei_ComplexNumberTest.Compare
[       OK ] Kruglov_Aleksei_ComplexNumberTest.Compare (0 ms)
[ RUN      ] Kruglov_Aleksei_ComplexNumberTest.Sum
[       OK ] Kruglov_Aleksei_ComplexNumberTest.Sum (0 ms)
[ RUN      ] Kruglov_Aleksei_ComplexNumberTest.Multiply
[       OK ] Kruglov_Aleksei_ComplexNumberTest.Multiply (0 ms)
[ RUN      ] Kruglov_Aleksei_ComplexNumberTest.Divide
[       OK ] Kruglov_Aleksei_ComplexNumberTest.Divide (0 ms)
[ RUN      ] Kruglov_Aleksei_ComplexNumberTest.Subtract
[       OK ] Kruglov_Aleksei_ComplexNumberTest.Subtract (0 ms)
[----------] 6 tests from Kruglov_Aleksei_ComplexNumberTest (0 ms total)

[----------] 15 tests from class_ComplexNumber
[ RUN      ] class_ComplexNumber.can_create_complex_number
[       OK ] class_ComplexNumber.can_create_complex_number (0 ms)
[ RUN      ] class_ComplexNumber.can_create_complex_with_selected_params
[       OK ] class_ComplexNumber.can_create_complex_with_selected_params (0 ms)
[ RUN      ] class_ComplexNumber.can_create_complex_with_other_params
[       OK ] class_ComplexNumber.can_create_complex_with_other_params (0 ms)
[ RUN      ] class_ComplexNumber.can_create_complex_by_copy
[       OK ] class_ComplexNumber.can_create_complex_by_copy (0 ms)
[ RUN      ] class_ComplexNumber.can_take_real_from_complex
[       OK ] class_ComplexNumber.can_take_real_from_complex (0 ms)
[ RUN      ] class_ComplexNumber.taken_real_is_equal_to_complex_real
[       OK ] class_ComplexNumber.taken_real_is_equal_to_complex_real (0 ms)
[ RUN      ] class_ComplexNumber.can_take_imaginary_from_complex
[       OK ] class_ComplexNumber.can_take_imaginary_from_complex (0 ms)
[ RUN      ] class_ComplexNumber.taken_real_is_equal_to_complex_imaginary
[       OK ] class_ComplexNumber.taken_real_is_equal_to_complex_imaginary (0 ms)
[ RUN      ] class_ComplexNumber.copied_complex_equal_to_source_complex
[       OK ] class_ComplexNumber.copied_complex_equal_to_source_complex (0 ms)
[ RUN      ] class_ComplexNumber.can_set_real_for_complex
[       OK ] class_ComplexNumber.can_set_real_for_complex (0 ms)
[ RUN      ] class_ComplexNumber.set_real_is_equal_to_complex_real
[       OK ] class_ComplexNumber.set_real_is_equal_to_complex_real (0 ms)
[ RUN      ] class_ComplexNumber.can_set_imaginary_for_complex
[       OK ] class_ComplexNumber.can_set_imaginary_for_complex (0 ms)
[ RUN      ] class_ComplexNumber.set_imaginary_is_equal_to_complex_real
[       OK ] class_ComplexNumber.set_imaginary_is_equal_to_complex_real (0 ms)
[ RUN      ] class_ComplexNumber.can_assign_complex_to_another_complex
[       OK ] class_ComplexNumber.can_assign_complex_to_another_complex (0 ms)
[ RUN      ] class_ComplexNumber.assigned_complex_equal_source_complex
[       OK ] class_ComplexNumber.assigned_complex_equal_source_complex (0 ms)
[----------] 15 tests from class_ComplexNumber (1 ms total)

[----------] 7 tests from Kurguzikov_Kirill_ComplexNumberTest
[ RUN      ] Kurguzikov_Kirill_ComplexNumberTest.Install_Complex_Number
[       OK ] Kurguzikov_Kirill_ComplexNumberTest.Install_Complex_Number (0 ms)
[ RUN      ] Kurguzikov_Kirill_ComplexNumberTest.Can_Addition
[       OK ] Kurguzikov_Kirill_ComplexNumberTest.Can_Addition (0 ms)
[ RUN      ] Kurguzikov_Kirill_ComplexNumberTest.Can_Subtraction
[       OK ] Kurguzikov_Kirill_ComplexNumberTest.Can_Subtraction (0 ms)
[ RUN      ] Kurguzikov_Kirill_ComplexNumberTest.Can_Multiplication_By_Zero
[       OK ] Kurguzikov_Kirill_ComplexNumberTest.Can_Multiplication_By_Zero (0 ms)
[ RUN      ] Kurguzikov_Kirill_ComplexNumberTest.Can_Multiplication
[       OK ] Kurguzikov_Kirill_ComplexNumberTest.Can_Multiplication (0 ms)
[ RUN      ] Kurguzikov_Kirill_ComplexNumberTest.Can_Division
[       OK ] Kurguzikov_Kirill_ComplexNumberTest.Can_Division (0 ms)
[ RUN      ] Kurguzikov_Kirill_ComplexNumberTest.Can_Comparison
[       OK ] Kurguzikov_Kirill_ComplexNumberTest.Can_Comparison (0 ms)
[----------] 7 tests from Kurguzikov_Kirill_ComplexNumberTest (0 ms total)

[----------] 10 tests from Orlov_Maksim_ComplexNumberTest
[ RUN      ] Orlov_Maksim_ComplexNumberTest.can_create_zero
[       OK ] Orlov_Maksim_ComplexNumberTest.can_create_zero (0 ms)
[ RUN      ] Orlov_Maksim_ComplexNumberTest.can_create_number
[       OK ] Orlov_Maksim_ComplexNumberTest.can_create_number (0 ms)
[ RUN      ] Orlov_Maksim_ComplexNumberTest.can_copy_number
[       OK ] Orlov_Maksim_ComplexNumberTest.can_copy_number (0 ms)
[ RUN      ] Orlov_Maksim_ComplexNumberTest.can_assign_number
[       OK ] Orlov_Maksim_ComplexNumberTest.can_assign_number (1 ms)
[ RUN      ] Orlov_Maksim_ComplexNumberTest.can_add
[       OK ] Orlov_Maksim_ComplexNumberTest.can_add (0 ms)
[ RUN      ] Orlov_Maksim_ComplexNumberTest.can_subtract
[       OK ] Orlov_Maksim_ComplexNumberTest.can_subtract (0 ms)
[ RUN      ] Orlov_Maksim_ComplexNumberTest.can_multiply
[       OK ] Orlov_Maksim_ComplexNumberTest.can_multiply (0 ms)
[ RUN      ] Orlov_Maksim_ComplexNumberTest.can_divide
[       OK ] Orlov_Maksim_ComplexNumberTest.can_divide (0 ms)
[ RUN      ] Orlov_Maksim_ComplexNumberTest.can_test_equality
[       OK ] Orlov_Maksim_ComplexNumberTest.can_test_equality (0 ms)
[ RUN      ] Orlov_Maksim_ComplexNumberTest.can_test_inequality
[       OK ] Orlov_Maksim_ComplexNumberTest.can_test_inequality (0 ms)
[----------] 10 tests from Orlov_Maksim_ComplexNumberTest (1 ms total)

[----------] 5 tests from Miheev_Ivan_ComplexNumberTest
[ RUN      ] Miheev_Ivan_ComplexNumberTest.Can_Create_Zero
[       OK ] Miheev_Ivan_ComplexNumberTest.Can_Create_Zero (0 ms)
[ RUN      ] Miheev_Ivan_ComplexNumberTest.Complex_Equals_Test
[       OK ] Miheev_Ivan_ComplexNumberTest.Complex_Equals_Test (0 ms)
[ RUN      ] Miheev_Ivan_ComplexNumberTest.Complex_Sum_Test
[       OK ] Miheev_Ivan_ComplexNumberTest.Complex_Sum_Test (0 ms)
[ RUN      ] Miheev_Ivan_ComplexNumberTest.Complex_Minus_Test
[       OK ] Miheev_Ivan_ComplexNumberTest.Complex_Minus_Test (0 ms)
[ RUN      ] Miheev_Ivan_ComplexNumberTest.Complex_Multiply_Test
[       OK ] Miheev_Ivan_ComplexNumberTest.Complex_Multiply_Test (0 ms)
[----------] 5 tests from Miheev_Ivan_ComplexNumberTest (0 ms total)

[----------] 11 tests from Moskvin_Stanislav_ComplexNumberTest
[ RUN      ] Moskvin_Stanislav_ComplexNumberTest.can_init
[       OK ] Moskvin_Stanislav_ComplexNumberTest.can_init (0 ms)
[ RUN      ] Moskvin_Stanislav_ComplexNumberTest.returns_correct
[       OK ] Moskvin_Stanislav_ComplexNumberTest.returns_correct (0 ms)
[ RUN      ] Moskvin_Stanislav_ComplexNumberTest.sets_values_correctly
[       OK ] Moskvin_Stanislav_ComplexNumberTest.sets_values_correctly (0 ms)
[ RUN      ] Moskvin_Stanislav_ComplexNumberTest.can_copy
[       OK ] Moskvin_Stanislav_ComplexNumberTest.can_copy (0 ms)
[ RUN      ] Moskvin_Stanislav_ComplexNumberTest.currect_copy
[       OK ] Moskvin_Stanislav_ComplexNumberTest.currect_copy (0 ms)
[ RUN      ] Moskvin_Stanislav_ComplexNumberTest.currect_sum
[       OK ] Moskvin_Stanislav_ComplexNumberTest.currect_sum (0 ms)
[ RUN      ] Moskvin_Stanislav_ComplexNumberTest.currect_subtraction
[       OK ] Moskvin_Stanislav_ComplexNumberTest.currect_subtraction (0 ms)
[ RUN      ] Moskvin_Stanislav_ComplexNumberTest.currect_multiplies
[       OK ] Moskvin_Stanislav_ComplexNumberTest.currect_multiplies (0 ms)
[ RUN      ] Moskvin_Stanislav_ComplexNumberTest.currect_division
[       OK ] Moskvin_Stanislav_ComplexNumberTest.currect_division (0 ms)
[ RUN      ] Moskvin_Stanislav_ComplexNumberTest.currect_equality_1
[       OK ] Moskvin_Stanislav_ComplexNumberTest.currect_equality_1 (0 ms)
[ RUN      ] Moskvin_Stanislav_ComplexNumberTest.currect_equality_2
[       OK ] Moskvin_Stanislav_ComplexNumberTest.currect_equality_2 (0 ms)
[----------] 11 tests from Moskvin_Stanislav_ComplexNumberTest (0 ms total)

[----------] 7 tests from Myasnikova_Varvara_ComplexNumberTest
[ RUN      ] Myasnikova_Varvara_ComplexNumberTest.Create_ComplexNumber
[       OK ] Myasnikova_Varvara_ComplexNumberTest.Create_ComplexNumber (0 ms)
[ RUN      ] Myasnikova_Varvara_ComplexNumberTest.Perform_Sum
[       OK ] Myasnikova_Varvara_ComplexNumberTest.Perform_Sum (0 ms)
[ RUN      ] Myasnikova_Varvara_ComplexNumberTest.Perform_Difference
[       OK ] Myasnikova_Varvara_ComplexNumberTest.Perform_Difference (0 ms)
[ RUN      ] Myasnikova_Varvara_ComplexNumberTest.Perform_Multiplication
[       OK ] Myasnikova_Varvara_ComplexNumberTest.Perform_Multiplication (0 ms)
[ RUN      ] Myasnikova_Varvara_ComplexNumberTest.Perform_Multiplication_by_Zerro
[       OK ] Myasnikova_Varvara_ComplexNumberTest.Perform_Multiplication_by_Zerro (0 ms)
[ RUN      ] Myasnikova_Varvara_ComplexNumberTest.Perform_Division
[       OK ] Myasnikova_Varvara_ComplexNumberTest.Perform_Division (0 ms)
[ RUN      ] Myasnikova_Varvara_ComplexNumberTest.Do_Compare
[       OK ] Myasnikova_Varvara_ComplexNumberTest.Do_Compare (0 ms)
[----------] 7 tests from Myasnikova_Varvara_ComplexNumberTest (0 ms total)

[----------] 11 tests from Olynin_Alexandr_ComplexNumberTest
[ RUN      ] Olynin_Alexandr_ComplexNumberTest.Initialize
[       OK ] Olynin_Alexandr_ComplexNumberTest.Initialize (0 ms)
[ RUN      ] Olynin_Alexandr_ComplexNumberTest.Initialize_Correct
[       OK ] Olynin_Alexandr_ComplexNumberTest.Initialize_Correct (0 ms)
[ RUN      ] Olynin_Alexandr_ComplexNumberTest.Set_Correct
[       OK ] Olynin_Alexandr_ComplexNumberTest.Set_Correct (0 ms)
[ RUN      ] Olynin_Alexandr_ComplexNumberTest.Copy
[       OK ] Olynin_Alexandr_ComplexNumberTest.Copy (0 ms)
[ RUN      ] Olynin_Alexandr_ComplexNumberTest.Copy_Correct
[       OK ] Olynin_Alexandr_ComplexNumberTest.Copy_Correct (0 ms)
[ RUN      ] Olynin_Alexandr_ComplexNumberTest.Operator_Equal_Correct
[       OK ] Olynin_Alexandr_ComplexNumberTest.Operator_Equal_Correct (0 ms)
[ RUN      ] Olynin_Alexandr_ComplexNumberTest.Operator_Sum_Correct
[       OK ] Olynin_Alexandr_ComplexNumberTest.Operator_Sum_Correct (0 ms)
[ RUN      ] Olynin_Alexandr_ComplexNumberTest.Operator_Prod_Correct
[       OK ] Olynin_Alexandr_ComplexNumberTest.Operator_Prod_Correct (0 ms)
[ RUN      ] Olynin_Alexandr_ComplexNumberTest.Operator_Diff_Correct
[       OK ] Olynin_Alexandr_ComplexNumberTest.Operator_Diff_Correct (0 ms)
[ RUN      ] Olynin_Alexandr_ComplexNumberTest.Operator_Is_Equal_Correct
[       OK ] Olynin_Alexandr_ComplexNumberTest.Operator_Is_Equal_Correct (0 ms)
[ RUN      ] Olynin_Alexandr_ComplexNumberTest.Operator_Is_Not_Equal_Correct
[       OK ] Olynin_Alexandr_ComplexNumberTest.Operator_Is_Not_Equal_Correct (0 ms)
[----------] 11 tests from Olynin_Alexandr_ComplexNumberTest (0 ms total)

[----------] 4 tests from TESTING_COMPLEX
[ RUN      ] TESTING_COMPLEX.Can_Create_Zero
[       OK ] TESTING_COMPLEX.Can_Create_Zero (0 ms)
[ RUN      ] TESTING_COMPLEX.Can_Create_Umnozenie
[       OK ] TESTING_COMPLEX.Can_Create_Umnozenie (0 ms)
[ RUN      ] TESTING_COMPLEX.Can_Create_Plus
[       OK ] TESTING_COMPLEX.Can_Create_Plus (0 ms)
[ RUN      ] TESTING_COMPLEX.Can_Create_Minus
[       OK ] TESTING_COMPLEX.Can_Create_Minus (0 ms)
[----------] 4 tests from TESTING_COMPLEX (0 ms total)

[----------] 13 tests from Pinezhanin_Evgeny_ComplexNumberTest
[ RUN      ] Pinezhanin_Evgeny_ComplexNumberTest.can_create_copied_complex_number
[       OK ] Pinezhanin_Evgeny_ComplexNumberTest.can_create_copied_complex_number (0 ms)
[ RUN      ] Pinezhanin_Evgeny_ComplexNumberTest.can_assign_complex_number
[       OK ] Pinezhanin_Evgeny_ComplexNumberTest.can_assign_complex_number (0 ms)
[ RUN      ] Pinezhanin_Evgeny_ComplexNumberTest.can_get_re_complex_number
[       OK ] Pinezhanin_Evgeny_ComplexNumberTest.can_get_re_complex_number (0 ms)
[ RUN      ] Pinezhanin_Evgeny_ComplexNumberTest.can_get_im_complex_number
[       OK ] Pinezhanin_Evgeny_ComplexNumberTest.can_get_im_complex_number (0 ms)
[ RUN      ] Pinezhanin_Evgeny_ComplexNumberTest.can_change_re_complex_number
[       OK ] Pinezhanin_Evgeny_ComplexNumberTest.can_change_re_complex_number (0 ms)
[ RUN      ] Pinezhanin_Evgeny_ComplexNumberTest.can_change_im_complex_number
[       OK ] Pinezhanin_Evgeny_ComplexNumberTest.can_change_im_complex_number (0 ms)
[ RUN      ] Pinezhanin_Evgeny_ComplexNumberTest.can_compare_equal_numbers
[       OK ] Pinezhanin_Evgeny_ComplexNumberTest.can_compare_equal_numbers (0 ms)
[ RUN      ] Pinezhanin_Evgeny_ComplexNumberTest.can_compare_inequal_numbers
[       OK ] Pinezhanin_Evgeny_ComplexNumberTest.can_compare_inequal_numbers (0 ms)
[ RUN      ] Pinezhanin_Evgeny_ComplexNumberTest.can_add_complex_numbers
[       OK ] Pinezhanin_Evgeny_ComplexNumberTest.can_add_complex_numbers (0 ms)
[ RUN      ] Pinezhanin_Evgeny_ComplexNumberTest.can_subtract_complex_numbers
[       OK ] Pinezhanin_Evgeny_ComplexNumberTest.can_subtract_complex_numbers (0 ms)
[ RUN      ] Pinezhanin_Evgeny_ComplexNumberTest.can_multiply_complex_numbers
[       OK ] Pinezhanin_Evgeny_ComplexNumberTest.can_multiply_complex_numbers (0 ms)
[ RUN      ] Pinezhanin_Evgeny_ComplexNumberTest.can_divide_complex_numbers
[       OK ] Pinezhanin_Evgeny_ComplexNumberTest.can_divide_complex_numbers (0 ms)
[ RUN      ] Pinezhanin_Evgeny_ComplexNumberTest.cant_divide_by_zero
[       OK ] Pinezhanin_Evgeny_ComplexNumberTest.cant_divide_by_zero (0 ms)
[----------] 13 tests from Pinezhanin_Evgeny_ComplexNumberTest (0 ms total)

[----------] 8 tests from Podovinnikov_Artyom_ComplexNumberTest
[ RUN      ] Podovinnikov_Artyom_ComplexNumberTest.sets_values
[       OK ] Podovinnikov_Artyom_ComplexNumberTest.sets_values (0 ms)
[ RUN      ] Podovinnikov_Artyom_ComplexNumberTest.copy
[       OK ] Podovinnikov_Artyom_ComplexNumberTest.copy (0 ms)
[ RUN      ] Podovinnikov_Artyom_ComplexNumberTest.Equality
[       OK ] Podovinnikov_Artyom_ComplexNumberTest.Equality (0 ms)
[ RUN      ] Podovinnikov_Artyom_ComplexNumberTest.NotEquality
[       OK ] Podovinnikov_Artyom_ComplexNumberTest.NotEquality (0 ms)
[ RUN      ] Podovinnikov_Artyom_ComplexNumberTest.CanOpPlus
[       OK ] Podovinnikov_Artyom_ComplexNumberTest.CanOpPlus (0 ms)
[ RUN      ] Podovinnikov_Artyom_ComplexNumberTest.CanOpSub
[       OK ] Podovinnikov_Artyom_ComplexNumberTest.CanOpSub (0 ms)
[ RUN      ] Podovinnikov_Artyom_ComplexNumberTest.CanOpMult
[       OK ] Podovinnikov_Artyom_ComplexNumberTest.CanOpMult (0 ms)
[ RUN      ] Podovinnikov_Artyom_ComplexNumberTest.CanOpDiv
[       OK ] Podovinnikov_Artyom_ComplexNumberTest.CanOpDiv (0 ms)
[----------] 8 tests from Podovinnikov_Artyom_ComplexNumberTest (0 ms total)

[----------] 4 tests from Popp_Maksim_ComplexNumberTest
[ RUN      ] Popp_Maksim_ComplexNumberTest.Operation_Plus
[       OK ] Popp_Maksim_ComplexNumberTest.Operation_Plus (0 ms)
[ RUN      ] Popp_Maksim_ComplexNumberTest.Operation_Minus
[       OK ] Popp_Maksim_ComplexNumberTest.Operation_Minus (0 ms)
[ RUN      ] Popp_Maksim_ComplexNumberTest.Operation_Multiply
[       OK ] Popp_Maksim_ComplexNumberTest.Operation_Multiply (0 ms)
[ RUN      ] Popp_Maksim_ComplexNumberTest.Operation_Divide
[       OK ] Popp_Maksim_ComplexNumberTest.Operation_Divide (0 ms)
[----------] 4 tests from Popp_Maksim_ComplexNumberTest (0 ms total)

[----------] 1 test from Pyatckin_Nikolay_ComplexNumberTest1
[ RUN      ] Pyatckin_Nikolay_ComplexNumberTest1.add
[       OK ] Pyatckin_Nikolay_ComplexNumberTest1.add (0 ms)
[----------] 1 test from Pyatckin_Nikolay_ComplexNumberTest1 (0 ms total)

[----------] 1 test from Pyatckin_Nikolay_ComplexNumberTest2
[ RUN      ] Pyatckin_Nikolay_ComplexNumberTest2.multiplication
[       OK ] Pyatckin_Nikolay_ComplexNumberTest2.multiplication (0 ms)
[----------] 1 test from Pyatckin_Nikolay_ComplexNumberTest2 (0 ms total)

[----------] 1 test from Pyatckin_Nikolay_ComplexNumberTest3
[ RUN      ] Pyatckin_Nikolay_ComplexNumberTest3.subtraction
[       OK ] Pyatckin_Nikolay_ComplexNumberTest3.subtraction (0 ms)
[----------] 1 test from Pyatckin_Nikolay_ComplexNumberTest3 (0 ms total)

[----------] 1 test from Pyatckin_Nikolay_ComplexNumberTest4
[ RUN      ] Pyatckin_Nikolay_ComplexNumberTest4.divide
[       OK ] Pyatckin_Nikolay_ComplexNumberTest4.divide (0 ms)
[----------] 1 test from Pyatckin_Nikolay_ComplexNumberTest4 (0 ms total)

[----------] 6 tests from Remizova_Antonina_ComplexNumberTest
[ RUN      ] Remizova_Antonina_ComplexNumberTest.Can_Create_ComplexNumber
[       OK ] Remizova_Antonina_ComplexNumberTest.Can_Create_ComplexNumber (0 ms)
[ RUN      ] Remizova_Antonina_ComplexNumberTest.Can_Create_Copy_ComplexNumber
[       OK ] Remizova_Antonina_ComplexNumberTest.Can_Create_Copy_ComplexNumber (0 ms)
[ RUN      ] Remizova_Antonina_ComplexNumberTest.Can_Assign_ComplexNumber
[       OK ] Remizova_Antonina_ComplexNumberTest.Can_Assign_ComplexNumber (0 ms)
[ RUN      ] Remizova_Antonina_ComplexNumberTest.Can_Summarize_ComplexNumber
[       OK ] Remizova_Antonina_ComplexNumberTest.Can_Summarize_ComplexNumber (0 ms)
[ RUN      ] Remizova_Antonina_ComplexNumberTest.Can_Subtract_ComplexNumber
[       OK ] Remizova_Antonina_ComplexNumberTest.Can_Subtract_ComplexNumber (0 ms)
[ RUN      ] Remizova_Antonina_ComplexNumberTest.Can_Multiply_ComplexNumber
[       OK ] Remizova_Antonina_ComplexNumberTest.Can_Multiply_ComplexNumber (0 ms)
[----------] 6 tests from Remizova_Antonina_ComplexNumberTest (0 ms total)

[----------] 8 tests from Samoiluk_Anastasiya_ComplexNumberTest
[ RUN      ] Samoiluk_Anastasiya_ComplexNumberTest.Can_Create_Complex_Number
[       OK ] Samoiluk_Anastasiya_ComplexNumberTest.Can_Create_Complex_Number (0 ms)
[ RUN      ] Samoiluk_Anastasiya_ComplexNumberTest.Can_Create_Copied_Number
[       OK ] Samoiluk_Anastasiya_ComplexNumberTest.Can_Create_Copied_Number (0 ms)
[ RUN      ] Samoiluk_Anastasiya_ComplexNumberTest.Can_Equate_Complex_Numbers
[       OK ] Samoiluk_Anastasiya_ComplexNumberTest.Can_Equate_Complex_Numbers (0 ms)
[ RUN      ] Samoiluk_Anastasiya_ComplexNumberTest.Can_Change_Complex_Number
[       OK ] Samoiluk_Anastasiya_ComplexNumberTest.Can_Change_Complex_Number (0 ms)
[ RUN      ] Samoiluk_Anastasiya_ComplexNumberTest.Can_Add_Complex_Numbers
[       OK ] Samoiluk_Anastasiya_ComplexNumberTest.Can_Add_Complex_Numbers (0 ms)
[ RUN      ] Samoiluk_Anastasiya_ComplexNumberTest.Can_Subtract_Complex_Numbers
[       OK ] Samoiluk_Anastasiya_ComplexNumberTest.Can_Subtract_Complex_Numbers (0 ms)
[ RUN      ] Samoiluk_Anastasiya_ComplexNumberTest.Can_Compare_Complex_Numbers_1
[       OK ] Samoiluk_Anastasiya_ComplexNumberTest.Can_Compare_Complex_Numbers_1 (0 ms)
[ RUN      ] Samoiluk_Anastasiya_ComplexNumberTest.Can_Compare_Complex_Numbers_2
[       OK ] Samoiluk_Anastasiya_ComplexNumberTest.Can_Compare_Complex_Numbers_2 (0 ms)
[----------] 8 tests from Samoiluk_Anastasiya_ComplexNumberTest (0 ms total)

[----------] 15 tests from Shelepin_Nikita_ComplexNumberTest
[ RUN      ] Shelepin_Nikita_ComplexNumberTest.DefaultConstructor
[       OK ] Shelepin_Nikita_ComplexNumberTest.DefaultConstructor (0 ms)
[ RUN      ] Shelepin_Nikita_ComplexNumberTest.TwoParamConstructor
[       OK ] Shelepin_Nikita_ComplexNumberTest.TwoParamConstructor (0 ms)
[ RUN      ] Shelepin_Nikita_ComplexNumberTest.CopyConstructor
[       OK ] Shelepin_Nikita_ComplexNumberTest.CopyConstructor (0 ms)
[ RUN      ] Shelepin_Nikita_ComplexNumberTest.AssignmentOperator
[       OK ] Shelepin_Nikita_ComplexNumberTest.AssignmentOperator (0 ms)
[ RUN      ] Shelepin_Nikita_ComplexNumberTest.GetReMethod
[       OK ] Shelepin_Nikita_ComplexNumberTest.GetReMethod (0 ms)
[ RUN      ] Shelepin_Nikita_ComplexNumberTest.GetImMethod
[       OK ] Shelepin_Nikita_ComplexNumberTest.GetImMethod (0 ms)
[ RUN      ] Shelepin_Nikita_ComplexNumberTest.SetReMethod
[       OK ] Shelepin_Nikita_ComplexNumberTest.SetReMethod (0 ms)
[ RUN      ] Shelepin_Nikita_ComplexNumberTest.SetImMethod
[       OK ] Shelepin_Nikita_ComplexNumberTest.SetImMethod (0 ms)
[ RUN      ] Shelepin_Nikita_ComplexNumberTest.PlusOperator
[       OK ] Shelepin_Nikita_ComplexNumberTest.PlusOperator (0 ms)
[ RUN      ] Shelepin_Nikita_ComplexNumberTest.MinusOperator
[       OK ] Shelepin_Nikita_ComplexNumberTest.MinusOperator (0 ms)
[ RUN      ] Shelepin_Nikita_ComplexNumberTest.MultiplyOperator
[       OK ] Shelepin_Nikita_ComplexNumberTest.MultiplyOperator (0 ms)
[ RUN      ] Shelepin_Nikita_ComplexNumberTest.DivisionOperatorThrow
[       OK ] Shelepin_Nikita_ComplexNumberTest.DivisionOperatorThrow (0 ms)
[ RUN      ] Shelepin_Nikita_ComplexNumberTest.DivisionOperator
[       OK ] Shelepin_Nikita_ComplexNumberTest.DivisionOperator (0 ms)
[ RUN      ] Shelepin_Nikita_ComplexNumberTest.EqualsOperator
[       OK ] Shelepin_Nikita_ComplexNumberTest.EqualsOperator (0 ms)
[ RUN      ] Shelepin_Nikita_ComplexNumberTest.NotEqualsOperator
[       OK ] Shelepin_Nikita_ComplexNumberTest.NotEqualsOperator (0 ms)
[----------] 15 tests from Shelepin_Nikita_ComplexNumberTest (1 ms total)

[----------] 1 test from Default
[ RUN      ] Default.Constructor
[       OK ] Default.Constructor (0 ms)
[----------] 1 test from Default (0 ms total)

[----------] 5 tests from Soldatov_Gleb_ComplexNumberTest
[ RUN      ] Soldatov_Gleb_ComplexNumberTest.Complex_Number_Create_Zero
[       OK ] Soldatov_Gleb_ComplexNumberTest.Complex_Number_Create_Zero (0 ms)
[ RUN      ] Soldatov_Gleb_ComplexNumberTest.Complex_Number_Addition
[       OK ] Soldatov_Gleb_ComplexNumberTest.Complex_Number_Addition (0 ms)
[ RUN      ] Soldatov_Gleb_ComplexNumberTest.Complex_Number_Subtraction
[       OK ] Soldatov_Gleb_ComplexNumberTest.Complex_Number_Subtraction (0 ms)
[ RUN      ] Soldatov_Gleb_ComplexNumberTest.Complex_Number_Multiply
[       OK ] Soldatov_Gleb_ComplexNumberTest.Complex_Number_Multiply (0 ms)
[ RUN      ] Soldatov_Gleb_ComplexNumberTest.Complex_Number_Copy
[       OK ] Soldatov_Gleb_ComplexNumberTest.Complex_Number_Copy (0 ms)
[----------] 5 tests from Soldatov_Gleb_ComplexNumberTest (0 ms total)

[----------] 5 tests from Troegubova_Alexandra_ComplexNumberTest
[ RUN      ] Troegubova_Alexandra_ComplexNumberTest.Can_Create_Complex_Number
[       OK ] Troegubova_Alexandra_ComplexNumberTest.Can_Create_Complex_Number (0 ms)
[ RUN      ] Troegubova_Alexandra_ComplexNumberTest.Can_Add_Complex_Numbers
[       OK ] Troegubova_Alexandra_ComplexNumberTest.Can_Add_Complex_Numbers (0 ms)
[ RUN      ] Troegubova_Alexandra_ComplexNumberTest.Can_Find_The_Difference_Of_Complex_Numbers
[       OK ] Troegubova_Alexandra_ComplexNumberTest.Can_Find_The_Difference_Of_Complex_Numbers (0 ms)
[ RUN      ] Troegubova_Alexandra_ComplexNumberTest.Can_Multiply_Complex_Numbers
[       OK ] Troegubova_Alexandra_ComplexNumberTest.Can_Multiply_Complex_Numbers (0 ms)
[ RUN      ] Troegubova_Alexandra_ComplexNumberTest.Correct_Comparison_Of_Equal_Numbers
[       OK ] Troegubova_Alexandra_ComplexNumberTest.Correct_Comparison_Of_Equal_Numbers (0 ms)
[----------] 5 tests from Troegubova_Alexandra_ComplexNumberTest (0 ms total)

[----------] 5 tests from Trukhanov_Artem_ComplexNumberTest
[ RUN      ] Trukhanov_Artem_ComplexNumberTest.Can_Create_Zero
[       OK ] Trukhanov_Artem_ComplexNumberTest.Can_Create_Zero (0 ms)
[ RUN      ] Trukhanov_Artem_ComplexNumberTest.Can_Create_Complex_Number
[       OK ] Trukhanov_Artem_ComplexNumberTest.Can_Create_Complex_Number (0 ms)
[ RUN      ] Trukhanov_Artem_ComplexNumberTest.Can_Assign_Complex_Number
[       OK ] Trukhanov_Artem_ComplexNumberTest.Can_Assign_Complex_Number (0 ms)
[ RUN      ] Trukhanov_Artem_ComplexNumberTest.Can_Add_Complex_Numbers
[       OK ] Trukhanov_Artem_ComplexNumberTest.Can_Add_Complex_Numbers (0 ms)
[ RUN      ] Trukhanov_Artem_ComplexNumberTest.Can_Subtract_Complex_Numbers
[       OK ] Trukhanov_Artem_ComplexNumberTest.Can_Subtract_Complex_Numbers (0 ms)
[----------] 5 tests from Trukhanov_Artem_ComplexNumberTest (0 ms total)

[----------] 13 tests from Vanyushkov_Maxim_ComplexNumberTest
[ RUN      ] Vanyushkov_Maxim_ComplexNumberTest.Can_Init
[       OK ] Vanyushkov_Maxim_ComplexNumberTest.Can_Init (0 ms)
[ RUN      ] Vanyushkov_Maxim_ComplexNumberTest.Can_Init_With_Values
[       OK ] Vanyushkov_Maxim_ComplexNumberTest.Can_Init_With_Values (0 ms)
[ RUN      ] Vanyushkov_Maxim_ComplexNumberTest.Can_Get_Complex_Number
[       OK ] Vanyushkov_Maxim_ComplexNumberTest.Can_Get_Complex_Number (0 ms)
[ RUN      ] Vanyushkov_Maxim_ComplexNumberTest.Can_Get_Complex_Number_Currect
[       OK ] Vanyushkov_Maxim_ComplexNumberTest.Can_Get_Complex_Number_Currect (0 ms)
[ RUN      ] Vanyushkov_Maxim_ComplexNumberTest.Can_Copy
[       OK ] Vanyushkov_Maxim_ComplexNumberTest.Can_Copy (0 ms)
[ RUN      ] Vanyushkov_Maxim_ComplexNumberTest.Can_Copy_Correct
[       OK ] Vanyushkov_Maxim_ComplexNumberTest.Can_Copy_Correct (0 ms)
[ RUN      ] Vanyushkov_Maxim_ComplexNumberTest.Can_Copy_With_Assignment_Operator_Correct
[       OK ] Vanyushkov_Maxim_ComplexNumberTest.Can_Copy_With_Assignment_Operator_Correct (0 ms)
[ RUN      ] Vanyushkov_Maxim_ComplexNumberTest.Correct_Comparison_Of_Equal_Numbers
[       OK ] Vanyushkov_Maxim_ComplexNumberTest.Correct_Comparison_Of_Equal_Numbers (0 ms)
[ RUN      ] Vanyushkov_Maxim_ComplexNumberTest.Correct_Comparison_Of_Not_Equal_Numbers
[       OK ] Vanyushkov_Maxim_ComplexNumberTest.Correct_Comparison_Of_Not_Equal_Numbers (0 ms)
[ RUN      ] Vanyushkov_Maxim_ComplexNumberTest.Can_Add_Complex_Numbers
[       OK ] Vanyushkov_Maxim_ComplexNumberTest.Can_Add_Complex_Numbers (0 ms)
[ RUN      ] Vanyushkov_Maxim_ComplexNumberTest.Can_Find_The_Difference_Of_Complex_Numbers
[       OK ] Vanyushkov_Maxim_ComplexNumberTest.Can_Find_The_Difference_Of_Complex_Numbers (0 ms)
[ RUN      ] Vanyushkov_Maxim_ComplexNumberTest.Can_Multiply_Complex_Numbers
[       OK ] Vanyushkov_Maxim_ComplexNumberTest.Can_Multiply_Complex_Numbers (0 ms)
[ RUN      ] Vanyushkov_Maxim_ComplexNumberTest.Cant_Division_Complex_Numbers_With_Zero
[       OK ] Vanyushkov_Maxim_ComplexNumberTest.Cant_Division_Complex_Numbers_With_Zero (0 ms)
[----------] 13 tests from Vanyushkov_Maxim_ComplexNumberTest (0 ms total)

[----------] 11 tests from Vitulin_Ivan_ComplexNumberTest
[...]
"novozhilov-alexandr-prime-numbers_gtest" start time: Apr 15 22:25 RTZ 2 (ceia)
Output:
----------------------------------------------------------
[==========] Running 7 tests from 1 test case.
[----------] Global test environment set-up.
[----------] 7 tests from PrimeNumbersTest
[ RUN      ] PrimeNumbersTest.throws_when_incorrect_parameters1
[       OK ] PrimeNumbersTest.throws_when_incorrect_parameters1 (0 ms)
[ RUN      ] PrimeNumbersTest.throws_when_incorrect_parameters2
[       OK ] PrimeNumbersTest.throws_when_incorrect_parameters2 (0 ms)
[ RUN      ] PrimeNumbersTest.print_prime_numbers_works
Prime numbers from: 4  to: 10
[ 5 7  ]
[       OK ] PrimeNumbersTest.print_prime_numbers_works (0 ms)
[ RUN      ] PrimeNumbersTest.get_throws_when_incorrect_parameters1
[       OK ] PrimeNumbersTest.get_throws_when_incorrect_parameters1 (0 ms)
[ RUN      ] PrimeNumbersTest.get_throws_when_incorrect_parameters2
[       OK ] PrimeNumbersTest.get_throws_when_incorrect_parameters2 (0 ms)
[ RUN      ] PrimeNumbersTest.get_prime_numbers_works
[       OK ] PrimeNumbersTest.get_prime_numbers_works (0 ms)
[ RUN      ] PrimeNumbersTest.get_prime_numbers_returns_correct_result
[       OK ] PrimeNumbersTest.get_prime_numbers_returns_correct_result (0 ms)
[----------] 7 tests from PrimeNumbersTest (0 ms total)

[----------] Global test environment tear-down
[==========] 7 tests from 1 test case ran. (1 ms total)
[  PASSED  ] 7 tests.
<end of output>
Test time =   0.04 sec
----------------------------------------------------------
Test Passed.
"novozhilov-alexandr-prime-numbers_gtest" end time: Apr 15 22:25 RTZ 2 (ceia)
"novozhilov-alexandr-prime-numbers_gtest" time elapsed: 00:00:00
----------------------------------------------------------

15/27 Testing: ustiuzhanin_n_hashmap_gtest
15/27 Test: ustiuzhanin_n_hashmap_gtest
Command: "C:/Users/Андрей/source/repos/devtools-course-practice/dashboard/build/bin/test_ustiuzhanin_n_hashmap.exe"
Directory: C:/Users/Андрей/source/repos/devtools-course-practice/dashboard/build/modules/ustiuzhanin_n_hashmap/test
"ustiuzhanin_n_hashmap_gtest" start time: Apr 15 22:25 RTZ 2 (ceia)
Output:
----------------------------------------------------------
[==========] Running 8 tests from 1 test case.
[----------] Global test environment set-up.
[----------] 8 tests from USTIUZHANIN_NIKITA_HASHMAP_TESTS
[ RUN      ] USTIUZHANIN_NIKITA_HASHMAP_TESTS.EMPTY
[       OK ] USTIUZHANIN_NIKITA_HASHMAP_TESTS.EMPTY (0 ms)
[ RUN      ] USTIUZHANIN_NIKITA_HASHMAP_TESTS.ASSERT_RESIZE
[       OK ] USTIUZHANIN_NIKITA_HASHMAP_TESTS.ASSERT_RESIZE (0 ms)
[ RUN      ] USTIUZHANIN_NIKITA_HASHMAP_TESTS.CORRECT_INSERT
[       OK ] USTIUZHANIN_NIKITA_HASHMAP_TESTS.CORRECT_INSERT (0 ms)
[ RUN      ] USTIUZHANIN_NIKITA_HASHMAP_TESTS.INSERT_EXIST_KEY
[       OK ] USTIUZHANIN_NIKITA_HASHMAP_TESTS.INSERT_EXIST_KEY (0 ms)
[ RUN      ] USTIUZHANIN_NIKITA_HASHMAP_TESTS.CORRECT_ERASE
[       OK ] USTIUZHANIN_NIKITA_HASHMAP_TESTS.CORRECT_ERASE (1 ms)
[ RUN      ] USTIUZHANIN_NIKITA_HASHMAP_TESTS.ERASE_FROM_EMPTY
[       OK ] USTIUZHANIN_NIKITA_HASHMAP_TESTS.ERASE_FROM_EMPTY (0 ms)
[ RUN      ] USTIUZHANIN_NIKITA_HASHMAP_TESTS.ERASE_NON_EXIST_KEY
[       OK ] USTIUZHANIN_NIKITA_HASHMAP_TESTS.ERASE_NON_EXIST_KEY (0 ms)
[ RUN      ] USTIUZHANIN_NIKITA_HASHMAP_TESTS.GET_BY_NON_EXIST_KEY
[       OK ] USTIUZHANIN_NIKITA_HASHMAP_TESTS.GET_BY_NON_EXIST_KEY (0 ms)
[----------] 8 tests from USTIUZHANIN_NIKITA_HASHMAP_TESTS (1 ms total)

[----------] Global test environment tear-down
[==========] 8 tests from 1 test case ran. (2 ms total)
[  PASSED  ] 8 tests.
<end of output>
Test time =   0.04 sec
----------------------------------------------------------
Test Passed.
"ustiuzhanin_n_hashmap_gtest" end time: Apr 15 22:25 RTZ 2 (ceia)
"ustiuzhanin_n_hashmap_gtest" time elapsed: 00:00:00
----------------------------------------------------------

16/27 Testing: zarubin_mikhail_binary_tree_can_Run
16/27 Test: zarubin_mikhail_binary_tree_can_Run
Command: "C:/Users/Андрей/source/repos/devtools-course-practice/dashboard/build/bin/zarubin_mikhail_binary_tree.exe"
Directory: C:/Users/Андрей/source/repos/devtools-course-practice/dashboard/build/modules/zarubin_mikhail_binary_tree
"zarubin_mikhail_binary_tree_can_Run" start time: Apr 15 22:25 RTZ 2 (ceia)
Output:
----------------------------------------------------------
This is a binary tree application.

Please provide arguments in the following format:

  $ C:/Users/������/source/repos/devtools-course-practice/dashboard/build/bin/zarubin_mikhail_binary_tree.exe <value_or_values> <operation> <operand>

Where all arguments are integer numbers, and <operation> is one of 'add', 'delete', 'find'.
<end of output>
Test time =   0.04 sec
----------------------------------------------------------
Test Passed.
"zarubin_mikhail_binary_tree_can_Run" end time: Apr 15 22:25 RTZ 2 (ceia)
"zarubin_mikhail_binary_tree_can_Run" time elapsed: 00:00:00
----------------------------------------------------------

17/27 Testing: zarubin_mikhail_binary_tree_can_Print_Help_Without_Arguments
17/27 Test: zarubin_mikhail_binary_tree_can_Print_Help_Without_Arguments
Command: "C:/Users/Андрей/source/repos/devtools-course-practice/dashboard/build/bin/zarubin_mikhail_binary_tree.exe"
Directory: C:/Users/Андрей/source/repos/devtools-course-practice/dashboard/build/modules/zarubin_mikhail_binary_tree
"zarubin_mikhail_binary_tree_can_Print_Help_Without_Arguments" start time: Apr 15 22:25 RTZ 2 (ceia)
Output:
----------------------------------------------------------
This is a binary tree application.

Please provide arguments in the following format:

  $ C:/Users/������/source/repos/devtools-course-practice/dashboard/build/bin/zarubin_mikhail_binary_tree.exe <value_or_values> <operation> <operand>

Where all arguments are integer numbers, and <operation> is one of 'add', 'delete', 'find'.
<end of output>
Test time =   0.01 sec
----------------------------------------------------------
Test Pass Reason:
Required regular expression found. Regex=[This is a binary tree application.]
"zarubin_mikhail_binary_tree_can_Print_Help_Without_Arguments" end time: Apr 15 22:25 RTZ 2 (ceia)
"zarubin_mikhail_binary_tree_can_Print_Help_Without_Arguments" time elapsed: 00:00:00
----------------------------------------------------------

18/27 Testing: zarubin_mikhail_binary_tree_can_Check_Number_Of_Arguments
18/27 Test: zarubin_mikhail_binary_tree_can_Check_Number_Of_Arguments
Command: "C:/Users/Андрей/source/repos/devtools-course-practice/dashboard/build/bin/zarubin_mikhail_binary_tree.exe" "1" "2"
Directory: C:/Users/Андрей/source/repos/devtools-course-practice/dashboard/build/modules/zarubin_mikhail_binary_tree
"zarubin_mikhail_binary_tree_can_Check_Number_Of_Arguments" start time: Apr 15 22:25 RTZ 2 (ceia)
Output:
----------------------------------------------------------
ERROR: Should be at least 4 arguments.

This is a binary tree application.

Please provide arguments in the following format:

  $ C:/Users/������/source/repos/devtools-course-practice/dashboard/build/bin/zarubin_mikhail_binary_tree.exe <value_or_values> <operation> <operand>

Where all arguments are integer numbers, and <operation> is one of 'add', 'delete', 'find'.
<end of output>
Test time =   0.01 sec
----------------------------------------------------------
Test Pass Reason:
Required regular expression found. Regex=[ERROR: Should be at least 4 arguments.]
"zarubin_mikhail_binary_tree_can_Check_Number_Of_Arguments" end time: Apr 15 22:25 RTZ 2 (ceia)
"zarubin_mikhail_binary_tree_can_Check_Number_Of_Arguments" time elapsed: 00:00:00
----------------------------------------------------------

19/27 Testing: zarubin_mikhail_binary_tree_can_Check_Cannot_Be_Cast_To_Int
19/27 Test: zarubin_mikhail_binary_tree_can_Check_Cannot_Be_Cast_To_Int
Command: "C:/Users/Андрей/source/repos/devtools-course-practice/dashboard/build/bin/zarubin_mikhail_binary_tree.exe" "b" "add" "2"
Directory: C:/Users/Андрей/source/repos/devtools-course-practice/dashboard/build/modules/zarubin_mikhail_binary_tree
"zarubin_mikhail_binary_tree_can_Check_Cannot_Be_Cast_To_Int" start time: Apr 15 22:25 RTZ 2 (ceia)
Output:
----------------------------------------------------------
ERROR: Cannot be cast to an integer!
<end of output>
Test time =   0.01 sec
----------------------------------------------------------
Test Pass Reason:
Required regular expression found. Regex=[ERROR: Cannot be cast to an integer!]
"zarubin_mikhail_binary_tree_can_Check_Cannot_Be_Cast_To_Int" end time: Apr 15 22:25 RTZ 2 (ceia)
"zarubin_mikhail_binary_tree_can_Check_Cannot_Be_Cast_To_Int" time elapsed: 00:00:00
----------------------------------------------------------

20/27 Testing: zarubin_mikhail_binary_tree_can_Check_Number_Out_Of_Range
20/27 Test: zarubin_mikhail_binary_tree_can_Check_Number_Out_Of_Range
Command: "C:/Users/Андрей/source/repos/devtools-course-practice/dashboard/build/bin/zarubin_mikhail_binary_tree.exe" "10000000000" "add" "2"
Directory: C:/Users/Андрей/source/repos/devtools-course-practice/dashboard/build/modules/zarubin_mikhail_binary_tree
"zarubin_mikhail_binary_tree_can_Check_Number_Out_Of_Range" start time: Apr 15 22:25 RTZ 2 (ceia)
Output:
----------------------------------------------------------
ERROR : Number out of range!
<end of output>
Test time =   0.01 sec
----------------------------------------------------------
Test Pass Reason:
Required regular expression found. Regex=[ERROR : Number out of range!]
"zarubin_mikhail_binary_tree_can_Check_Number_Out_Of_Range" end time: Apr 15 22:25 RTZ 2 (ceia)
"zarubin_mikhail_binary_tree_can_Check_Number_Out_Of_Range" time elapsed: 00:00:00
----------------------------------------------------------

21/27 Testing: zarubin_mikhail_binary_tree_can_Check_Wrong_Operation
21/27 Test: zarubin_mikhail_binary_tree_can_Check_Wrong_Operation
Command: "C:/Users/Андрей/source/repos/devtools-course-practice/dashboard/build/bin/zarubin_mikhail_binary_tree.exe" "1" "frii" "2"
Directory: C:/Users/Андрей/source/repos/devtools-course-practice/dashboard/build/modules/zarubin_mikhail_binary_tree
"zarubin_mikhail_binary_tree_can_Check_Wrong_Operation" start time: Apr 15 22:25 RTZ 2 (ceia)
Output:
----------------------------------------------------------
ERROR: Wrong operation!
<end of output>
Test time =   0.01 sec
----------------------------------------------------------
Test Pass Reason:
Required regular expression found. Regex=[ERROR: Wrong operation!]
"zarubin_mikhail_binary_tree_can_Check_Wrong_Operation" end time: Apr 15 22:25 RTZ 2 (ceia)
"zarubin_mikhail_binary_tree_can_Check_Wrong_Operation" time elapsed: 00:00:00
----------------------------------------------------------

22/27 Testing: zarubin_mikhail_binary_tree_can_Check_Add
22/27 Test: zarubin_mikhail_binary_tree_can_Check_Add
Command: "C:/Users/Андрей/source/repos/devtools-course-practice/dashboard/build/bin/zarubin_mikhail_binary_tree.exe" "1" "add" "2"
Directory: C:/Users/Андрей/source/repos/devtools-course-practice/dashboard/build/modules/zarubin_mikhail_binary_tree
"zarubin_mikhail_binary_tree_can_Check_Add" start time: Apr 15 22:25 RTZ 2 (ceia)
Output:
----------------------------------------------------------
Operand 2 was added!
<end of output>
Test time =   0.01 sec
----------------------------------------------------------
Test Pass Reason:
Required regular expression found. Regex=[Operand 2 was added!]
"zarubin_mikhail_binary_tree_can_Check_Add" end time: Apr 15 22:25 RTZ 2 (ceia)
"zarubin_mikhail_binary_tree_can_Check_Add" time elapsed: 00:00:00
----------------------------------------------------------

23/27 Testing: zarubin_mikhail_binary_tree_can_Check_Delete
23/27 Test: zarubin_mikhail_binary_tree_can_Check_Delete
Command: "C:/Users/Андрей/source/repos/devtools-course-practice/dashboard/build/bin/zarubin_mikhail_binary_tree.exe" "1" "delete" "1"
Directory: C:/Users/Андрей/source/repos/devtools-course-practice/dashboard/build/modules/zarubin_mikhail_binary_tree
"zarubin_mikhail_binary_tree_can_Check_Delete" start time: Apr 15 22:25 RTZ 2 (ceia)
Output:
----------------------------------------------------------
Operand 1 was deleted!
<end of output>
Test time =   0.01 sec
----------------------------------------------------------
Test Pass Reason:
Required regular expression found. Regex=[Operand 1 was deleted!]
"zarubin_mikhail_binary_tree_can_Check_Delete" end time: Apr 15 22:25 RTZ 2 (ceia)
"zarubin_mikhail_binary_tree_can_Check_Delete" time elapsed: 00:00:00
----------------------------------------------------------

24/27 Testing: zarubin_mikhail_binary_tree_can_Check_Find
24/27 Test: zarubin_mikhail_binary_tree_can_Check_Find
Command: "C:/Users/Андрей/source/repos/devtools-course-practice/dashboard/build/bin/zarubin_mikhail_binary_tree.exe" "1" "find" "1"
Directory: C:/Users/Андрей/source/repos/devtools-course-practice/dashboard/build/modules/zarubin_mikhail_binary_tree
"zarubin_mikhail_binary_tree_can_Check_Find" start time: Apr 15 22:25 RTZ 2 (ceia)
Output:
----------------------------------------------------------
Operand 1 was founded!
<end of output>
Test time =   0.01 sec
----------------------------------------------------------
Test Pass Reason:
Required regular expression found. Regex=[Operand 1 was founded!]
"zarubin_mikhail_binary_tree_can_Check_Find" end time: Apr 15 22:25 RTZ 2 (ceia)
"zarubin_mikhail_binary_tree_can_Check_Find" time elapsed: 00:00:00
----------------------------------------------------------

25/27 Testing: zarubin_mikhail_binary_tree_can_Check_Not_Find
25/27 Test: zarubin_mikhail_binary_tree_can_Check_Not_Find
Command: "C:/Users/Андрей/source/repos/devtools-course-practice/dashboard/build/bin/zarubin_mikhail_binary_tree.exe" "1" "find" "2"
Directory: C:/Users/Андрей/source/repos/devtools-course-practice/dashboard/build/modules/zarubin_mikhail_binary_tree
"zarubin_mikhail_binary_tree_can_Check_Not_Find" start time: Apr 15 22:25 RTZ 2 (ceia)
Output:
----------------------------------------------------------
Operand 2 not founded!
<end of output>
Test time =   0.01 sec
----------------------------------------------------------
Test Pass Reason:
Required regular expression found. Regex=[Operand 2 not founded!]
"zarubin_mikhail_binary_tree_can_Check_Not_Find" end time: Apr 15 22:25 RTZ 2 (ceia)
"zarubin_mikhail_binary_tree_can_Check_Not_Find" time elapsed: 00:00:00
----------------------------------------------------------

26/27 Testing: zarubin_mikhail_binary_tree_can_Check_Add_More_Initial_Values
26/27 Test: zarubin_mikhail_binary_tree_can_Check_Add_More_Initial_Values
Command: "C:/Users/Андрей/source/repos/devtools-course-practice/dashboard/build/bin/zarubin_mikhail_binary_tree.exe" "1" "2" "3" "4" "5" "6" "7" "8" "add" "12"
Directory: C:/Users/Андрей/source/repos/devtools-course-practice/dashboard/build/modules/zarubin_mikhail_binary_tree
"zarubin_mikhail_binary_tree_can_Check_Add_More_Initial_Values" start time: Apr 15 22:25 RTZ 2 (ceia)
Output:
----------------------------------------------------------
Operand 12 was added!
<end of output>
Test time =   0.01 sec
----------------------------------------------------------
Test Pass Reason:
Required regular expression found. Regex=[Operand 12 was added!]
"zarubin_mikhail_binary_tree_can_Check_Add_More_Initial_Values" end time: Apr 15 22:25 RTZ 2 (ceia)
"zarubin_mikhail_binary_tree_can_Check_Add_More_Initial_Values" time elapsed: 00:00:00
----------------------------------------------------------

27/27 Testing: zarubin_mikhail_binary_tree_gtest
27/27 Test: zarubin_mikhail_binary_tree_gtest
Command: "C:/Users/Андрей/source/repos/devtools-course-practice/dashboard/build/bin/test_zarubin_mikhail_binary_tree.exe"
Directory: C:/Users/Андрей/source/repos/devtools-course-practice/dashboard/build/modules/zarubin_mikhail_binary_tree/test
"zarubin_mikhail_binary_tree_gtest" start time: Apr 15 22:25 RTZ 2 (ceia)
Output:
----------------------------------------------------------
[==========] Running 19 tests from 1 test case.
[----------] Global test environment set-up.
[----------] 19 tests from Zarubin_Mikhail_Binary_Tree
[ RUN      ] Zarubin_Mikhail_Binary_Tree.can_create_tree
[       OK ] Zarubin_Mikhail_Binary_Tree.can_create_tree (0 ms)
[ RUN      ] Zarubin_Mikhail_Binary_Tree.can_find_value_in_tree
[       OK ] Zarubin_Mikhail_Binary_Tree.can_find_value_in_tree (0 ms)
[ RUN      ] Zarubin_Mikhail_Binary_Tree.can_insert_value_in_empty_tree
[       OK ] Zarubin_Mikhail_Binary_Tree.can_insert_value_in_empty_tree (0 ms)
[ RUN      ] Zarubin_Mikhail_Binary_Tree.can_insert_value_in_no_empty_tree
[       OK ] Zarubin_Mikhail_Binary_Tree.can_insert_value_in_no_empty_tree (0 ms)
[ RUN      ] Zarubin_Mikhail_Binary_Tree.can_transportate_vector_to_tree
[       OK ] Zarubin_Mikhail_Binary_Tree.can_transportate_vector_to_tree (0 ms)
[ RUN      ] Zarubin_Mikhail_Binary_Tree.can_delete_value_in_empty_tree
[       OK ] Zarubin_Mikhail_Binary_Tree.can_delete_value_in_empty_tree (0 ms)
[ RUN      ] Zarubin_Mikhail_Binary_Tree.can_delete_value_in_no_empty_tree
[       OK ] Zarubin_Mikhail_Binary_Tree.can_delete_value_in_no_empty_tree (0 ms)
[ RUN      ] Zarubin_Mikhail_Binary_Tree.search_an_existing_value_is_correct
[       OK ] Zarubin_Mikhail_Binary_Tree.search_an_existing_value_is_correct (0 ms)
[ RUN      ] Zarubin_Mikhail_Binary_Tree.search_a_non_existent_value_is_correct
[       OK ] Zarubin_Mikhail_Binary_Tree.search_a_non_existent_value_is_correct (0 ms)
[ RUN      ] Zarubin_Mikhail_Binary_Tree.get_size_tree_is_correct
[       OK ] Zarubin_Mikhail_Binary_Tree.get_size_tree_is_correct (1 ms)
[ RUN      ] Zarubin_Mikhail_Binary_Tree.insert_a_non_existent_value_changes_size_tree
[       OK ] Zarubin_Mikhail_Binary_Tree.insert_a_non_existent_value_changes_size_tree (0 ms)
[ RUN      ] Zarubin_Mikhail_Binary_Tree.insert_an_existing_value_no_changes_size_tree
[       OK ] Zarubin_Mikhail_Binary_Tree.insert_an_existing_value_no_changes_size_tree (0 ms)
[ RUN      ] Zarubin_Mikhail_Binary_Tree.delete_a_non_existent_value_no_changes_size_tree
[       OK ] Zarubin_Mikhail_Binary_Tree.delete_a_non_existent_value_no_changes_size_tree (0 ms)
[ RUN      ] Zarubin_Mikhail_Binary_Tree.delete_an_existing_value_changes_size_tree
[       OK ] Zarubin_Mikhail_Binary_Tree.delete_an_existing_value_changes_size_tree (0 ms)
[ RUN      ] Zarubin_Mikhail_Binary_Tree.can_delete_a_vertex_without_descendants
[       OK ] Zarubin_Mikhail_Binary_Tree.can_delete_a_vertex_without_descendants (0 ms)
[ RUN      ] Zarubin_Mikhail_Binary_Tree.can_delete_a_vertex_with_left_descendants
[       OK ] Zarubin_Mikhail_Binary_Tree.can_delete_a_vertex_with_left_descendants (0 ms)
[ RUN      ] Zarubin_Mikhail_Binary_Tree.can_delete_a_vertex_with_right_descendants
[       OK ] Zarubin_Mikhail_Binary_Tree.can_delete_a_vertex_with_right_descendants (0 ms)
[ RUN      ] Zarubin_Mikhail_Binary_Tree.can_delete_a_vertex_with_two_descendants
[       OK ] Zarubin_Mikhail_Binary_Tree.can_delete_a_vertex_with_two_descendants (0 ms)
[ RUN      ] Zarubin_Mikhail_Binary_Tree.can_delete_a_root
[       OK ] Zarubin_Mikhail_Binary_Tree.can_delete_a_root (0 ms)
[----------] 19 tests from Zarubin_Mikhail_Binary_Tree (1 ms total)

[----------] Global test environment tear-down
[==========] 19 tests from 1 test case ran. (1 ms total)
[  PASSED  ] 19 tests.
<end of output>
Test time =   0.04 sec
----------------------------------------------------------
Test Passed.
"zarubin_mikhail_binary_tree_gtest" end time: Apr 15 22:25 RTZ 2 (ceia)
"zarubin_mikhail_binary_tree_gtest" time elapsed: 00:00:00
----------------------------------------------------------

End testing: Apr 15 22:25 RTZ 2 (ceia)

calculate-price =   0.24 sec*proc

chornyi-yura-vigenere =   0.04 sec*proc

complex-number =   0.20 sec*proc

novozhilov-alexandr-prime-numbers =   0.04 sec*proc

ustiuzhanin_n_hashmap =   0.04 sec*proc

zarubin_mikhail_binary_tree =   0.20 sec*proc

